<?xml version="1.0" encoding="UTF-8" ?>
<testsuite errors="0" failures="0" hostname="DESKTOP-K17M29P" name="medrecapp.Services.B_SpesialisGuiServiceTest" skipped="0" tests="5" time="18.066" timestamp="2016-04-01T05:39:30">
  <properties>
    <property name="libs.jsp-compiler.javadoc" value="" />
    <property name="javac.test.classpath" value="D:/Repository/repo-medrecapp/medrecapp/lib/MySQLDriver/mysql-connector-java-5.1.6-bin.jar:lib/jcalendar-1.4.jar:build/classes:lib\junit-4.11.jar:D:/Repository/repo-medrecapp/medrecapp/lib/junit_4/junit-4.5.jar:lib\fest-swing-1.2\fest-swing-1.2.jar:lib\fest-swing-1.2\fest-assert-1.2.jar:lib\fest-swing-1.2\fest-reflect-1.2.jar:lib\fest-swing-1.2\fest-util-1.1.2.jar" />
    <property name="libs.jsf20.maven-pom" value="" />
    <property name="ant.library.dir" value="C:/Program Files/Java/apache-ant-1.9.6/lib" />
    <property name="libs.junit.javadoc" value="D:/Repository/repo-medrecapp/medrecapp/lib/junit/junit-3.8.2-api.zip" />
    <property name="libs.spring-webmvc4.0.src" value="" />
    <property name="ant.core.lib" value="C:\Program Files\Java\apache-ant-1.9.6\lib\ant.jar" />
    <property name="javadoc.windowtitle" value="" />
    <property name="libs.jsp-compilation.javadoc" value="" />
    <property name="user.dir" value="D:\Repository\repo-medrecapp\medrecapp" />
    <property name="libs.javaee-api-7.0.src" value="" />
    <property name="java.vm.version" value="25.72-b15" />
    <property name="libs.MySQLDriver.classpath" value="D:/Repository/repo-medrecapp/medrecapp/lib/MySQLDriver/mysql-connector-java-5.1.6-bin.jar" />
    <property name="libs.eclipselinkmodelgen.src" value="" />
    <property name="file.reference.fest-swing-1.2.jar" value="lib\fest-swing-1.2\fest-swing-1.2.jar" />
    <property name="javadoc.notree" value="false" />
    <property name="libs.EclipseLink-GlassFish-v3.classpath" value="C:\Program Files\glassfish-4.1\glassfish\modules\org.eclipse.persistence.antlr.jar;C:\Program Files\glassfish-4.1\glassfish\modules\org.eclipse.persistence.asm.jar;C:\Program Files\glassfish-4.1\glassfish\modules\org.eclipse.persistence.core.jar;C:\Program Files\glassfish-4.1\glassfish\modules\org.eclipse.persistence.dbws.jar;C:\Program Files\glassfish-4.1\glassfish\modules\org.eclipse.persistence.jpa.jar;C:\Program Files\glassfish-4.1\glassfish\modules\org.eclipse.persistence.jpa.jpql.jar;C:\Program Files\glassfish-4.1\glassfish\modules\org.eclipse.persistence.jpa.modelgen.processor.jar;C:\Program Files\glassfish-4.1\glassfish\modules\org.eclipse.persistence.moxy.jar;C:\Program Files\glassfish-4.1\glassfish\modules\org.eclipse.persistence.oracle.jar;C:\Program Files\glassfish-4.1\glassfish\modules\javax.persistence.jar" />
    <property name="libs.javaee-web-api-6.0.classpath" value="C:\Program Files\NetBeans 8.0.2\enterprise\modules\ext\javaee-web-api-6.0.jar" />
    <property name="libs.Java-EE-GlassFish-v3-Prelude.javadoc" value="C:\Program Files\NetBeans 8.0.2\enterprise\docs\javaee-doc-api.jar" />
    <property name="libs.javac-api.src" value="" />
    <property name="javadoc.noindex" value="false" />
    <property name="libs.jpa2-persistence.classpath" value="C:\Program Files\NetBeans 8.0.2\java\modules\ext\hibernate4\hibernate-jpa-2.1-api-1.0.0.Final.jar" />
    <property name="sun.os.patch.level" value="" />
    <property name="libs.Java-EE-GlassFish-v3-Prelude.src" value="" />
    <property name="do.archive+manifest.available" value="true" />
    <property name="java.vm.specification.name" value="Java Virtual Machine Specification" />
    <property name="have.tests" value="true" />
    <property name="libs.javac-api.javadoc" value="" />
    <property name="os.name" value="Windows 10" />
    <property name="file.reference.jcalendar-1.4.jar" value="lib/jcalendar-1.4.jar" />
    <property name="libs.beans-binding.classpath" value="C:\Program Files\NetBeans 8.0.2\java\modules\ext\beansbinding-1.2.1.jar" />
    <property name="file.reference.fest-assert-1.2.jar" value="lib\fest-swing-1.2\fest-assert-1.2.jar" />
    <property name="libs.javaee-endorsed-api-7.0.maven-pom" value="" />
    <property name="mysqladmin" value="C:\xampp\mysql\bin\mysqladmin.exe" />
    <property name="libs.restapi.javadoc" value="" />
    <property name="libs.JWSAntTasks.maven-pom" value="" />
    <property name="libs.jstl.classpath" value="C:\Program Files\NetBeans 8.0.2\enterprise\modules\ext\jstl-impl.jar;C:\Program Files\NetBeans 8.0.2\enterprise\modules\ext\jstl-api.jar" />
    <property name="libs.testng.src" value="" />
    <property name="libs.spring-webmvc3.0.src" value="" />
    <property name="libs.restapi.classpath" value="C:\Program Files\NetBeans 8.0.2\enterprise\modules\ext\jaxrs-2.0\javax.ws.rs-api-2.0.jar" />
    <property name="java.vendor.url.bug" value="http://bugreport.sun.com/bugreport/" />
    <property name="libs.jaxb.maven-pom" value="" />
    <property name="os.arch" value="amd64" />
    <property name="libs.eclipselink.src" value="" />
    <property name="user.name" value="fachrulpbm" />
    <property name="libs.jsf12.javadoc" value="C:\Program Files\NetBeans 8.0.2\enterprise\docs\javaee-doc-api.jar" />
    <property name="libs.Comet-GlassFish-v3.javadoc" value="" />
    <property name="manifest.available+main.class" value="true" />
    <property name="libs.spring-webmvc3.0.maven-pom" value="" />
    <property name="libs.swing-layout.maven-pom" value="" />
    <property name="sun.java.command" value="org.apache.tools.ant.taskdefs.optional.junit.JUnitTestRunner medrecapp.Services.B_SpesialisGuiServiceTest skipNonTests=false filtertrace=true haltOnError=false haltOnFailure=false showoutput=true outputtoformatters=true logfailedtests=true threadid=0 logtestlistenerevents=false formatter=org.apache.tools.ant.taskdefs.optional.junit.BriefJUnitResultFormatter formatter=org.apache.tools.ant.taskdefs.optional.junit.XMLJUnitResultFormatter,D:\Repository\repo-medrecapp\medrecapp\build\test\results\TEST-medrecapp.Services.B_SpesialisGuiServiceTest.xml crashfile=D:\Repository\repo-medrecapp\medrecapp\build\junitvmwatcher4142197268451023019.properties propsfile=D:\Repository\repo-medrecapp\medrecapp\build\junit1804658236574126137.properties" />
    <property name="build.classes.dir" value="build/classes" />
    <property name="build.sysclasspath" value="ignore" />
    <property name="libs.javaee-endorsed-api-7.0.javadoc" value="C:\Program Files\NetBeans 8.0.2\enterprise\docs\javaee-doc-api.jar" />
    <property name="libs.jaxws21.javadoc" value="C:\Program Files\NetBeans 8.0.2\java\docs\jaxws-api-doc.zip" />
    <property name="libs.spring-webmvc4.0.javadoc" value="" />
    <property name="includes" value="**" />
    <property name="user.country" value="US" />
    <property name="manifest.file" value="manifest.mf" />
    <property name="javadoc.encoding" value="UTF-8" />
    <property name="javac.classpath" value="D:/Repository/repo-medrecapp/medrecapp/lib/MySQLDriver/mysql-connector-java-5.1.6-bin.jar:lib/jcalendar-1.4.jar" />
    <property name="libs.jsp-compilation-syscp.src" value="" />
    <property name="libs.JAVADB_DRIVER_LABEL.src" value="" />
    <property name="ant.file.type.MedRecApp-impl" value="file" />
    <property name="jdbc.jar" value="lib\MySQLDriver\mysql-connector-java-5.1.6-bin.jar" />
    <property name="libs.spring-framework400.classpath" value="C:\Program Files\NetBeans 8.0.2\ide\modules\org-apache-commons-logging.jar;C:\Program Files\NetBeans 8.0.2\java\modules\ext\cglib-2.2.jar;C:\Program Files\NetBeans 8.0.2\java\modules\ext\spring-4\spring-aop-4.0.1.RELEASE.jar;C:\Program Files\NetBeans 8.0.2\java\modules\ext\spring-4\spring-aspects-4.0.1.RELEASE.jar;C:\Program Files\NetBeans 8.0.2\java\modules\ext\spring-4\spring-beans-4.0.1.RELEASE.jar;C:\Program Files\NetBeans 8.0.2\java\modules\ext\spring-4\spring-build-src-4.0.1.RELEASE.jar;C:\Program Files\NetBeans 8.0.2\java\modules\ext\spring-4\spring-context-4.0.1.RELEASE.jar;C:\Program Files\NetBeans 8.0.2\java\modules\ext\spring-4\spring-context-support-4.0.1.RELEASE.jar;C:\Program Files\NetBeans 8.0.2\java\modules\ext\spring-4\spring-core-4.0.1.RELEASE.jar;C:\Program Files\NetBeans 8.0.2\java\modules\ext\spring-4\spring-expression-4.0.1.RELEASE.jar;C:\Program Files\NetBeans 8.0.2\java\modules\ext\spring-4\spring-framework-bom-4.0.1.RELEASE.jar;C:\Program Files\NetBeans 8.0.2\java\modules\ext\spring-4\spring-instrument-4.0.1.RELEASE.jar;C:\Program Files\NetBeans 8.0.2\java\modules\ext\spring-4\spring-instrument-tomcat-4.0.1.RELEASE.jar;C:\Program Files\NetBeans 8.0.2\java\modules\ext\spring-4\spring-jdbc-4.0.1.RELEASE.jar;C:\Program Files\NetBeans 8.0.2\java\modules\ext\spring-4\spring-jms-4.0.1.RELEASE.jar;C:\Program Files\NetBeans 8.0.2\java\modules\ext\spring-4\spring-messaging-4.0.1.RELEASE.jar;C:\Program Files\NetBeans 8.0.2\java\modules\ext\spring-4\spring-orm-4.0.1.RELEASE.jar;C:\Program Files\NetBeans 8.0.2\java\modules\ext\spring-4\spring-oxm-4.0.1.RELEASE.jar;C:\Program Files\NetBeans 8.0.2\java\modules\ext\spring-4\spring-test-4.0.1.RELEASE.jar;C:\Program Files\NetBeans 8.0.2\java\modules\ext\spring-4\spring-tx-4.0.1.RELEASE.jar;C:\Program Files\NetBeans 8.0.2\java\modules\ext\spring-4\spring-web-4.0.1.RELEASE.jar;C:\Program Files\NetBeans 8.0.2\java\modules\ext\spring-4\spring-webmvc-4.0.1.RELEASE.jar;C:\Program Files\NetBeans 8.0.2\java\modules\ext\spring-4\spring-webmvc-portlet-4.0.1.RELEASE.jar;C:\Program Files\NetBeans 8.0.2\java\modules\ext\spring-4\spring-websocket-4.0.1.RELEASE.jar" />
    <property name="debug-transport" value="dt_shmem" />
    <property name="libs.javaee-web-api-6.0.src" value="" />
    <property name="libs.jsp-compilation-syscp.classpath" value="C:\Program Files\NetBeans 8.0.2\extide\ant\lib\ant.jar;C:\Program Files\NetBeans 8.0.2\enterprise\modules\ext\servlet3.1-jsp2.3-api.jar;C:\Program Files\NetBeans 8.0.2\enterprise\modules\ext\glassfish-jspparser-4.0.jar;C:\Program Files\NetBeans 8.0.2\enterprise\modules\ext\jstl-impl.jar;C:\Program Files\NetBeans 8.0.2\enterprise\modules\ext\jsf-2_2\javax.faces.jar" />
    <property name="java.endorsed.dirs" value="C:\Program Files\Java\jdk1.8.0_72\jre\lib\endorsed" />
    <property name="libs.Comet-GlassFish-v3.maven-pom" value="" />
    <property name="&gt;&gt;&gt;&gt;&gt;&gt;&gt;" value="6d1a7cce5850dec38807a9ef1047a2e01b2466ff" />
    <property name="java.vm.specification.version" value="1.8" />
    <property name="libs.hibernate4-support.src" value="" />
    <property name="libs.primefaces.classpath" value="C:\Program Files\NetBeans 8.0.2\enterprise\modules\ext\primefaces\primefaces-5.0.jar" />
    <property name="libs.javaee-api-6.0.classpath" value="C:\Program Files\NetBeans 8.0.2\enterprise\modules\ext\javaee-api-6.0.jar" />
    <property name="file.reference.junit-4.11.jar" value="lib\junit-4.11.jar" />
    <property name="libs.jaxws21.src" value="" />
    <property name="application.title" value="MedRecApp" />
    <property name="do.archive" value="true" />
    <property name="java.vendor" value="Oracle Corporation" />
    <property name="libs.javaee-api-6.0.javadoc" value="C:\Program Files\NetBeans 8.0.2\enterprise\docs\javaee-doc-api.jar" />
    <property name="javac.debug" value="true" />
    <property name="javadoc.splitindex" value="true" />
    <property name="file.separator" value="\" />
    <property name="libs.Java-EE-GlassFish-v3-Prelude.maven-pom" value="" />
    <property name="libs.junit_4.maven-pom" value="" />
    <property name="javac.test.processorpath" value="D:/Repository/repo-medrecapp/medrecapp/lib/MySQLDriver/mysql-connector-java-5.1.6-bin.jar:lib/jcalendar-1.4.jar:build/classes:lib\junit-4.11.jar:D:/Repository/repo-medrecapp/medrecapp/lib/junit_4/junit-4.5.jar:lib\fest-swing-1.2\fest-swing-1.2.jar:lib\fest-swing-1.2\fest-assert-1.2.jar:lib\fest-swing-1.2\fest-reflect-1.2.jar:lib\fest-swing-1.2\fest-util-1.1.2.jar" />
    <property name="libs.JWSAntTasks.javadoc" value="" />
    <property name="build.generated.sources.dir" value="build/generated-sources" />
    <property name="user.variant" value="" />
    <property name="libs.eclipselinkmodelgen.classpath" value="C:\Program Files\NetBeans 8.0.2\java\modules\ext\eclipselink\org.eclipse.persistence.jpa.modelgen_2.5.2.v20140319-9ad6abd.jar" />
    <property name="libs.javaee-endorsed-api-7.0.src" value="" />
    <property name="sun.java.launcher" value="SUN_STANDARD" />
    <property name="libs.junit.classpath" value="D:/Repository/repo-medrecapp/medrecapp/lib/junit/junit-3.8.2.jar" />
    <property name="libs.hibernate4-persistencemodelgen.javadoc" value="" />
    <property name="libs.jaxb.javadoc" value="C:\Program Files\NetBeans 8.0.2\ide\docs\jaxb-api-doc.zip" />
    <property name="libs.struts.classpath" value="C:\Program Files\NetBeans 8.0.2\enterprise\modules\ext\struts\antlr-2.7.2.jar;C:\Program Files\NetBeans 8.0.2\enterprise\modules\ext\struts\bsf-2.3.0.jar;C:\Program Files\NetBeans 8.0.2\enterprise\modules\ext\struts\commons-beanutils-1.8.0.jar;C:\Program Files\NetBeans 8.0.2\enterprise\modules\ext\struts\commons-chain-1.2.jar;C:\Program Files\NetBeans 8.0.2\enterprise\modules\ext\struts\commons-digester-1.8.jar;C:\Program Files\NetBeans 8.0.2\enterprise\modules\ext\struts\commons-fileupload-1.1.1.jar;C:\Program Files\NetBeans 8.0.2\enterprise\modules\ext\struts\commons-io-1.1.jar;C:\Program Files\NetBeans 8.0.2\enterprise\modules\ext\struts\commons-logging-1.0.4.jar;C:\Program Files\NetBeans 8.0.2\enterprise\modules\ext\struts\commons-validator-1.3.1.jar;C:\Program Files\NetBeans 8.0.2\enterprise\modules\ext\struts\jstl-1.0.2.jar;C:\Program Files\NetBeans 8.0.2\enterprise\modules\ext\struts\oro-2.0.8.jar;C:\Program Files\NetBeans 8.0.2\enterprise\modules\ext\struts\standard-1.0.6.jar;C:\Program Files\NetBeans 8.0.2\enterprise\modules\ext\struts\struts-core-1.3.10.jar;C:\Program Files\NetBeans 8.0.2\enterprise\modules\ext\struts\struts-el-1.3.10.jar;C:\Program Files\NetBeans 8.0.2\enterprise\modules\ext\struts\struts-extras-1.3.10.jar;C:\Program Files\NetBeans 8.0.2\enterprise\modules\ext\struts\struts-faces-1.3.10.jar;C:\Program Files\NetBeans 8.0.2\enterprise\modules\ext\struts\struts-mailreader-dao-1.3.10.jar;C:\Program Files\NetBeans 8.0.2\enterprise\modules\ext\struts\struts-scripting-1.3.10.jar;C:\Program Files\NetBeans 8.0.2\enterprise\modules\ext\struts\struts-taglib-1.3.10.jar;C:\Program Files\NetBeans 8.0.2\enterprise\modules\ext\struts\struts-tiles-1.3.10.jar" />
    <property name="ant.home" value="C:/Program Files/Java/apache-ant-1.9.6" />
    <property name="libs.junit_4.src" value="D:/Repository/repo-medrecapp/medrecapp/lib/junit_4/junit-4.5-src.jar" />
    <property name="do.archive+manifest.available+main.class+mkdist.available" value="true" />
    <property name="libs.testng.classpath" value="C:\Program Files\NetBeans 8.0.2\platform\modules\ext\testng-6.8.1-dist.jar" />
    <property name="libs.absolutelayout.maven-pom" value="" />
    <property name="ant.java.version" value="1.8" />
    <property name="java.library.path" value="C:\Program Files\Java\jdk1.8.0_72\jre\bin;C:\WINDOWS\Sun\Java\bin;C:\WINDOWS\system32;C:\WINDOWS;C:\Users\fachrulpbm\bin;C:\Program Files\Git\mingw64\bin;C:\Program Files\Git\usr\local\bin;C:\Program Files\Git\usr\bin;C:\Program Files\Git\usr\bin;C:\Program Files\Git\mingw64\bin;C:\Program Files\Git\usr\bin;C:\Users\fachrulpbm\bin;C:\Windows\system32;C:\Windows;C:\Windows\System32\Wbem;C:\Windows\System32\WindowsPowerShell\v1.0;C:\Program Files (x86)\NVIDIA Corporation\PhysX\Common;C:\Program Files\TortoiseGit\bin;C:\Users\fachrulpbm\AppData\Local\Android\sdk1\platform-tools;C:\WINDOWS\system32;C:\WINDOWS;C:\WINDOWS\System32\Wbem;C:\Program Files\Java\apache-ant-1.9.6\bin;C:\Program Files\Java\jdk1.8.0_72\bin;C:\Program Files\Git\usr\bin\vendor_perl;C:\Program Files\Git\usr\bin\core_perl;." />
    <property name="javadoc.author" value="false" />
    <property name="libs.metro.maven-pom" value="" />
    <property name="libs.EclipseLink-GlassFish-v3.src" value="" />
    <property name="libs.spring-framework400.src" value="" />
    <property name="libs.PostgreSQLDriver.src" value="" />
    <property name="sun.arch.data.model" value="64" />
    <property name="basedir" value="D:\Repository\repo-medrecapp\medrecapp" />
    <property name="libs.jpa20-persistence.maven-pom" value="" />
    <property name="jar.compress" value="false" />
    <property name="libs.javaee-web-api-7.0.classpath" value="C:\Program Files\NetBeans 8.0.2\enterprise\modules\ext\javaee-web-api-7.0.jar" />
    <property name="path.separator" value=";" />
    <property name="libs.javaee-web-api-6.0.javadoc" value="C:\Program Files\NetBeans 8.0.2\enterprise\docs\javaee-doc-api.jar" />
    <property name="sun.io.unicode.encoding" value="UnicodeLittle" />
    <property name="libs.jaxws21.classpath" value="C:\Program Files\NetBeans 8.0.2\ide\modules\ext\jaxb\jaxb-impl.jar;C:\Program Files\NetBeans 8.0.2\ide\modules\ext\jaxb\jaxb-xjc.jar;C:\Program Files\NetBeans 8.0.2\java\modules\ext\jaxws22\FastInfoset.jar;C:\Program Files\NetBeans 8.0.2\java\modules\ext\jaxws22\gmbal-api-only.jar;C:\Program Files\NetBeans 8.0.2\java\modules\ext\jaxws22\ha-api.jar;C:\Program Files\NetBeans 8.0.2\java\modules\ext\jaxws22\javax.mail_1.4.jar;C:\Program Files\NetBeans 8.0.2\java\modules\ext\jaxws22\jaxws-rt.jar;C:\Program Files\NetBeans 8.0.2\java\modules\ext\jaxws22\jaxws-tools.jar;C:\Program Files\NetBeans 8.0.2\java\modules\ext\jaxws22\management-api.jar;C:\Program Files\NetBeans 8.0.2\java\modules\ext\jaxws22\mimepull.jar;C:\Program Files\NetBeans 8.0.2\java\modules\ext\jaxws22\policy.jar;C:\Program Files\NetBeans 8.0.2\java\modules\ext\jaxws22\saaj-impl.jar;C:\Program Files\NetBeans 8.0.2\java\modules\ext\jaxws22\stax-ex.jar;C:\Program Files\NetBeans 8.0.2\java\modules\ext\jaxws22\stax2-api.jar;C:\Program Files\NetBeans 8.0.2\java\modules\ext\jaxws22\streambuffer.jar;C:\Program Files\NetBeans 8.0.2\java\modules\ext\jaxws22\woodstox-core-asl.jar;C:\Program Files\NetBeans 8.0.2\java\modules\ext\jaxws22\api\jaxws-api.jar;C:\Program Files\NetBeans 8.0.2\java\modules\ext\jaxws22\api\jsr181-api.jar;C:\Program Files\NetBeans 8.0.2\java\modules\ext\jaxws22\api\javax.annotation.jar;C:\Program Files\NetBeans 8.0.2\java\modules\ext\jaxws22\api\saaj-api.jar;C:\Program Files\NetBeans 8.0.2\ide\modules\ext\jaxb\activation.jar;C:\Program Files\NetBeans 8.0.2\ide\modules\ext\jaxb\api\jaxb-api.jar;C:\Program Files\NetBeans 8.0.2\ide\modules\ext\jaxb\api\jsr173_1.0_api.jar" />
    <property name="libs.struts.src" value="" />
    <property name="compile.on.save" value="true" />
    <property name="user.language" value="en" />
    <property name="libs.JAXB-ENDORSED.maven-pom" value="" />
    <property name="libs.eclipselink.maven-pom" value="" />
    <property name="application.vendor" value="asus" />
    <property name="manifest.available" value="true" />
    <property name="libs.primefaces.javadoc" value="" />
    <property name="libs.spring-framework300.maven-pom" value="" />
    <property name="run.test.classpath" value="D:/Repository/repo-medrecapp/medrecapp/lib/MySQLDriver/mysql-connector-java-5.1.6-bin.jar:lib/jcalendar-1.4.jar:build/classes:lib\junit-4.11.jar:D:/Repository/repo-medrecapp/medrecapp/lib/junit_4/junit-4.5.jar:lib\fest-swing-1.2\fest-swing-1.2.jar:lib\fest-swing-1.2\fest-assert-1.2.jar:lib\fest-swing-1.2\fest-reflect-1.2.jar:lib\fest-swing-1.2\fest-util-1.1.2.jar:build/test/classes" />
    <property name="ant.project.invoked-targets" value="test" />
    <property name="libs.swing-layout.javadoc" value="C:\Program Files\NetBeans 8.0.2\platform\docs\swing-layout-1.0.4-doc.zip" />
    <property name="libs.hibernate4-persistence.maven-pom" value="" />
    <property name="libs.PostgreSQLDriver.maven-pom" value="" />
    <property name="java.class.version" value="52.0" />
    <property name="libs.JAVADB_DRIVER_LABEL.classpath" value="C:\Program Files\Java\jdk1.8.0_72\db\lib\derby.jar;C:\Program Files\Java\jdk1.8.0_72\db\lib\derbyclient.jar;C:\Program Files\Java\jdk1.8.0_72\db\lib\derbynet.jar" />
    <property name="libs.hibernate4-persistencemodelgen.maven-pom" value="" />
    <property name="libs.javaee-endorsed-api-6.0.src" value="" />
    <property name="libs.eclipselink.javadoc" value="C:\Program Files\NetBeans 8.0.2\java\modules\ext\docs\javax.persistence-2.1.0-doc.zip" />
    <property name="libs.jsp-compilation.maven-pom" value="" />
    <property name="user.properties.file" value="C:\Users\fachrulpbm\AppData\Roaming\NetBeans\8.0.2\build.properties" />
    <property name="runtime.encoding" value="UTF-8" />
    <property name="libs.javac-api.maven-pom" value="" />
    <property name="file.encoding.pkg" value="sun.io" />
    <property name="sun.cpu.endian" value="little" />
    <property name="libs.JAXB-ENDORSED.javadoc" value="" />
    <property name="libs.JWSAntTasks.classpath" value="C:\Program Files\NetBeans 8.0.2\java\ant\extra\org-netbeans-modules-javawebstart-anttasks.jar" />
    <property name="libs.spring-webmvc4.0.maven-pom" value="" />
    <property name="libs.spring-framework300.src" value="" />
    <property name="libs.jstl.src" value="" />
    <property name="empty.dir" value="D:\Repository\repo-medrecapp\medrecapp\build\empty" />
    <property name="&lt;&lt;&lt;&lt;&lt;&lt;&lt;" value="HEAD" />
    <property name="version-output" value="java version &quot;1.8" />
    <property name="libs.hibernate4-persistencemodelgen.src" value="" />
    <property name="javadoc.preview" value="true" />
    <property name="libs.jpa20-persistence.javadoc" value="C:\Program Files\NetBeans 8.0.2\java\modules\ext\docs\javax.persistence-2.1.0-doc.zip" />
    <property name="file.reference.fest-reflect-1.2.jar" value="lib\fest-swing-1.2\fest-reflect-1.2.jar" />
    <property name="java.home" value="C:\Program Files\Java\jdk1.8.0_72\jre" />
    <property name="libs.jsp-compilation.src" value="" />
    <property name="debug.test.classpath" value="D:/Repository/repo-medrecapp/medrecapp/lib/MySQLDriver/mysql-connector-java-5.1.6-bin.jar:lib/jcalendar-1.4.jar:build/classes:lib\junit-4.11.jar:D:/Repository/repo-medrecapp/medrecapp/lib/junit_4/junit-4.5.jar:lib\fest-swing-1.2\fest-swing-1.2.jar:lib\fest-swing-1.2\fest-assert-1.2.jar:lib\fest-swing-1.2\fest-reflect-1.2.jar:lib\fest-swing-1.2\fest-util-1.1.2.jar:build/test/classes" />
    <property name="libs.javaee-endorsed-api-6.0.classpath" value="C:\Program Files\NetBeans 8.0.2\enterprise\modules\ext\javaee6-endorsed\javax.annotation.jar;C:\Program Files\NetBeans 8.0.2\enterprise\modules\ext\javaee6-endorsed\jaxb-api-osgi.jar;C:\Program Files\NetBeans 8.0.2\enterprise\modules\ext\javaee6-endorsed\webservices-api-osgi.jar" />
    <property name="libs.javaee-api-6.0.src" value="" />
    <property name="ant.project.default-target" value="default" />
    <property name="annotation.processing.run.all.processors" value="true" />
    <property name="libs.PostgreSQLDriver.javadoc" value="" />
    <property name="libs.restlib.classpath" value="C:\Program Files\NetBeans 8.0.2\enterprise\modules\ext\jersey2\ext\asm-all-repackaged-2.2.0-b21.jar;C:\Program Files\NetBeans 8.0.2\enterprise\modules\ext\jersey2\ext\cglib-2.2.0-b21.jar;C:\Program Files\NetBeans 8.0.2\enterprise\modules\ext\jersey2\ext\guava-14.0.1.jar;C:\Program Files\NetBeans 8.0.2\enterprise\modules\ext\jersey2\ext\hk2-api-2.2.0-b21.jar;C:\Program Files\NetBeans 8.0.2\enterprise\modules\ext\jersey2\ext\hk2-locator-2.2.0-b21.jar;C:\Program Files\NetBeans 8.0.2\enterprise\modules\ext\jersey2\ext\hk2-utils-2.2.0-b21.jar;C:\Program Files\NetBeans 8.0.2\enterprise\modules\ext\jersey2\ext\javax.annotation-api-1.2.jar;C:\Program Files\NetBeans 8.0.2\enterprise\modules\ext\jersey2\ext\javax.inject-2.2.0-b21.jar;C:\Program Files\NetBeans 8.0.2\enterprise\modules\ext\jersey2\ext\javax.servlet-api-3.0.1.jar;C:\Program Files\NetBeans 8.0.2\enterprise\modules\ext\jersey2\ext\jaxb-api-2.2.7.jar;C:\Program Files\NetBeans 8.0.2\enterprise\modules\ext\jersey2\ext\jersey-entity-filtering-2.5.1.jar;C:\Program Files\NetBeans 8.0.2\enterprise\modules\ext\jersey2\ext\jersey-media-moxy-2.5.1.jar;C:\Program Files\NetBeans 8.0.2\enterprise\modules\ext\jersey2\ext\org.osgi.core-4.2.0.jar;C:\Program Files\NetBeans 8.0.2\enterprise\modules\ext\jersey2\ext\osgi-resource-locator-1.0.1.jar;C:\Program Files\NetBeans 8.0.2\enterprise\modules\ext\jersey2\ext\persistence-api-1.0.jar;C:\Program Files\NetBeans 8.0.2\enterprise\modules\ext\jersey2\ext\validation-api-1.1.0.Final.jar;C:\Program Files\NetBeans 8.0.2\enterprise\modules\ext\jersey2\jersey-client.jar;C:\Program Files\NetBeans 8.0.2\enterprise\modules\ext\jersey2\jersey-common.jar;C:\Program Files\NetBeans 8.0.2\enterprise\modules\ext\jersey2\jersey-container-servlet.jar;C:\Program Files\NetBeans 8.0.2\enterprise\modules\ext\jersey2\jersey-container-servlet-core.jar;C:\Program Files\NetBeans 8.0.2\enterprise\modules\ext\jersey2\jersey-server.jar;C:\Program Files\NetBeans 8.0.2\java\modules\ext\eclipselink\eclipselink.jar" />
    <property name="libs.MySQLDriver.maven-pom" value="" />
    <property name="libraries.dir.nativedirsep" value="D:\Repository\repo-medrecapp\medrecapp\lib" />
    <property name="libs.hibernate4-persistence.javadoc" value="C:\Program Files\NetBeans 8.0.2\java\modules\ext\docs\javax.persistence-2.1.0-doc.zip" />
    <property name="libs.junit_4.javadoc" value="D:/Repository/repo-medrecapp/medrecapp/lib/junit_4/junit-4.5-api.zip" />
    <property name="libs.EclipseLink-GlassFish-v3.maven-pom" value="" />
    <property name="libs.javaee-web-api-6.0.maven-pom" value="" />
    <property name="run.classpath" value="D:/Repository/repo-medrecapp/medrecapp/lib/MySQLDriver/mysql-connector-java-5.1.6-bin.jar:lib/jcalendar-1.4.jar:build/classes" />
    <property name="libs.javaee-endorsed-api-6.0.javadoc" value="C:\Program Files\NetBeans 8.0.2\enterprise\docs\javaee-doc-api.jar" />
    <property name="libs.javaee-api-7.0.classpath" value="C:\Program Files\NetBeans 8.0.2\enterprise\modules\ext\javaee-api-7.0.jar" />
    <property name="sql.user" value="root" />
    <property name="libs.spring-webmvc3.0.javadoc" value="" />
    <property name="libs.jpa2-persistence.maven-pom" value="" />
    <property name="annotation.processing.enabled.in.editor" value="false" />
    <property name="libs.hibernate4-support.classpath" value="C:\Program Files\NetBeans 8.0.2\java\modules\ext\hibernate4\antlr-2.7.7.jar;C:\Program Files\NetBeans 8.0.2\java\modules\ext\hibernate4\c3p0-0.9.2.1.jar;C:\Program Files\NetBeans 8.0.2\java\modules\ext\hibernate4\hibernate-c3p0-4.3.1.Final.jar;C:\Program Files\NetBeans 8.0.2\java\modules\ext\hibernate4\mchange-commons-java-0.2.3.4.jar;C:\Program Files\NetBeans 8.0.2\java\modules\ext\hibernate4\dom4j-1.6.1.jar;C:\Program Files\NetBeans 8.0.2\java\modules\ext\hibernate4\ehcache-core-2.4.3.jar;C:\Program Files\NetBeans 8.0.2\java\modules\ext\hibernate4\hibernate-ehcache-4.3.1.Final.jar;C:\Program Files\NetBeans 8.0.2\java\modules\ext\hibernate4\hibernate-core-4.3.1.Final.jar;C:\Program Files\NetBeans 8.0.2\java\modules\ext\hibernate4\jboss-logging-3.1.3.GA.jar;C:\Program Files\NetBeans 8.0.2\java\modules\ext\hibernate4\hibernate-commons-annotations-4.0.4.Final.jar;C:\Program Files\NetBeans 8.0.2\java\modules\ext\hibernate4\hibernate-entitymanager-4.3.1.Final.jar;C:\Program Files\NetBeans 8.0.2\java\modules\ext\hibernate4\javassist-3.18.1-GA.jar;C:\Program Files\NetBeans 8.0.2\java\modules\ext\hibernate4\jboss-transaction-api_1.2_spec-1.0.0.Final.jar;C:\Program Files\NetBeans 8.0.2\java\modules\ext\hibernate4\slf4j-api-1.6.1.jar;C:\Program Files\NetBeans 8.0.2\java\modules\ext\hibernate4\slf4j-simple-1.6.1.jar" />
    <property name="libs.restapi.src" value="" />
    <property name="sun.management.compiler" value="HotSpot 64-Bit Tiered Compilers" />
    <property name="javac.deprecation" value="false" />
    <property name="javadoc.use" value="true" />
    <property name="libs.jsp-compiler.classpath" value="C:\Program Files\NetBeans 8.0.2\enterprise\ant\extra\jspcompile.jar" />
    <property name="javac.processorpath" value="D:/Repository/repo-medrecapp/medrecapp/lib/MySQLDriver/mysql-connector-java-5.1.6-bin.jar:lib/jcalendar-1.4.jar" />
    <property name="javac.compilerargs" value="" />
    <property name="ant.file" value="D:\Repository\repo-medrecapp\medrecapp\build.xml" />
    <property name="libs.beans-binding.maven-pom" value="" />
    <property name="libs.hibernate4-support.javadoc" value="C:\Program Files\NetBeans 8.0.2\java\modules\ext\docs\javax.persistence-2.1.0-doc.zip" />
    <property name="libs.jsf12.classpath" value="C:\Program Files\NetBeans 8.0.2\enterprise\modules\ext\jsf-1_2\commons-beanutils.jar;C:\Program Files\NetBeans 8.0.2\enterprise\modules\ext\jsf-1_2\commons-collections.jar;C:\Program Files\NetBeans 8.0.2\enterprise\modules\ext\jsf-1_2\commons-digester.jar;C:\Program Files\NetBeans 8.0.2\enterprise\modules\ext\jsf-1_2\commons-logging.jar;C:\Program Files\NetBeans 8.0.2\enterprise\modules\ext\jsf-1_2\jsf-api.jar;C:\Program Files\NetBeans 8.0.2\enterprise\modules\ext\jsf-1_2\jsf-impl.jar" />
    <property name="file.reference.fest-util-1.1.2.jar" value="lib\fest-swing-1.2\fest-util-1.1.2.jar" />
    <property name="libs.Java-EE-GlassFish-v3-Prelude.classpath" value="C:\Program Files\glassfish-4.1\glassfish\modules\endorsed\javax.annotation-api.jar;C:\Program Files\glassfish-4.1\glassfish\modules\endorsed\jaxb-api.jar;C:\Program Files\glassfish-4.1\glassfish\modules\endorsed\webservices-api-osgi.jar;C:\Program Files\glassfish-4.1\glassfish\modules\bean-validator.jar;C:\Program Files\glassfish-4.1\glassfish\modules\javax.batch-api.jar;C:\Program Files\glassfish-4.1\glassfish\modules\javax.ejb-api.jar;C:\Program Files\glassfish-4.1\glassfish\modules\javax.el.jar;C:\Program Files\glassfish-4.1\glassfish\modules\javax.enterprise.concurrent-api.jar;C:\Program Files\glassfish-4.1\glassfish\modules\javax.enterprise.concurrent.jar;C:\Program Files\glassfish-4.1\glassfish\modules\javax.enterprise.deploy-api.jar;C:\Program Files\glassfish-4.1\glassfish\modules\javax.faces.jar;C:\Program Files\glassfish-4.1\glassfish\modules\javax.inject.jar;C:\Program Files\glassfish-4.1\glassfish\modules\javax.interceptor-api.jar;C:\Program Files\glassfish-4.1\glassfish\modules\javax.jms-api.jar;C:\Program Files\glassfish-4.1\glassfish\modules\javax.json.jar;C:\Program Files\glassfish-4.1\glassfish\modules\javax.mail.jar;C:\Program Files\glassfish-4.1\glassfish\modules\javax.management.j2ee-api.jar;C:\Program Files\glassfish-4.1\glassfish\modules\javax.persistence.jar;C:\Program Files\glassfish-4.1\glassfish\modules\javax.resource-api.jar;C:\Program Files\glassfish-4.1\glassfish\modules\javax.security.auth.message-api.jar;C:\Program Files\glassfish-4.1\glassfish\modules\javax.security.jacc-api.jar;C:\Program Files\glassfish-4.1\glassfish\modules\javax.servlet-api.jar;C:\Program Files\glassfish-4.1\glassfish\modules\javax.servlet.jsp-api.jar;C:\Program Files\glassfish-4.1\glassfish\modules\javax.servlet.jsp.jar;C:\Program Files\glassfish-4.1\glassfish\modules\javax.servlet.jsp.jstl-api.jar;C:\Program Files\glassfish-4.1\glassfish\modules\javax.servlet.jsp.jstl.jar;C:\Program Files\glassfish-4.1\glassfish\modules\javax.transaction-api.jar;C:\Program Files\glassfish-4.1\glassfish\modules\javax.websocket-api.jar;C:\Program Files\glassfish-4.1\glassfish\modules\javax.ws.rs-api.jar;C:\Program Files\glassfish-4.1\glassfish\modules\javax.xml.registry-api.jar;C:\Program Files\glassfish-4.1\glassfish\modules\javax.xml.rpc-api.jar;C:\Program Files\glassfish-4.1\glassfish\modules\jaxb-osgi.jar;C:\Program Files\glassfish-4.1\glassfish\modules\webservices-osgi.jar;C:\Program Files\glassfish-4.1\glassfish\modules\weld-osgi-bundle.jar;C:\Program Files\glassfish-4.1\mq\lib\jaxm-api.jar" />
    <property name="libs.jstl.maven-pom" value="" />
    <property name="libs.restapi.maven-pom" value="" />
    <property name="libs.beans-binding.src" value="" />
    <property name="java.vm.specification.vendor" value="Oracle Corporation" />
    <property name="libs.swing-layout.src" value="C:\Program Files\NetBeans 8.0.2\platform\docs\swing-layout-1.0.4-src.zip" />
    <property name="java.vm.name" value="Java HotSpot(TM) 64-Bit Server VM" />
    <property name="tests.failed" value="true" />
    <property name="javadoc.additionalparam" value="" />
    <property name="java.io.tmpdir" value="C:\Users\FACHRU~1\AppData\Local\Temp\" />
    <property name="java.vendor.url" value="http://java.oracle.com/" />
    <property name="endorsed.classpath.cmd.line.arg" value="" />
    <property name="libraries.basename" value="nblibraries" />
    <property name="libs.jsp-compiler.src" value="" />
    <property name="sun.boot.library.path" value="C:\Program Files\Java\jdk1.8.0_72\jre\bin" />
    <property name="have.sources" value="true" />
    <property name="debug.classpath" value="D:/Repository/repo-medrecapp/medrecapp/lib/MySQLDriver/mysql-connector-java-5.1.6-bin.jar:lib/jcalendar-1.4.jar:build/classes" />
    <property name="javadoc.private" value="false" />
    <property name="test.src.dir" value="test" />
    <property name="libs.jsf20.classpath" value="C:\Program Files\NetBeans 8.0.2\enterprise\modules\ext\jsf-2_2\javax.faces.jar" />
    <property name="meta.inf.dir" value="src/META-INF" />
    <property name="javadoc.encoding.used" value="UTF-8" />
    <property name="dist.jar" value="dist/MedRecApp.jar" />
    <property name="libs.spring-framework400.maven-pom" value="" />
    <property name="java.runtime.name" value="Java(TM) SE Runtime Environment" />
    <property name="ant.project.name" value="MedRecApp" />
    <property name="libs.jsp-compilation-syscp.maven-pom" value="" />
    <property name="sun.cpu.isalist" value="amd64" />
    <property name="libs.spring-framework400.javadoc" value="" />
    <property name="libs.CopyLibs.javadoc" value="" />
    <property name="ant.file.type.MedRecApp" value="file" />
    <property name="sql.url" value="jdbc:mysql://localhost:3306/medrec" />
    <property name="user.home" value="C:\Users\fachrulpbm" />
    <property name="annotation.processing.processors.list" value="" />
    <property name="libs.primefaces.maven-pom" value="" />
    <property name="debug-args-line" value="-Xdebug" />
    <property name="libs.javaee-api-6.0.maven-pom" value="" />
    <property name="libs.JWSAntTasks.src" value="" />
    <property name="jar.index" value="false" />
    <property name="libs.CopyLibs.maven-pom" value="" />
    <property name="libs.spring-framework300.javadoc" value="" />
    <property name="libs.absolutelayout.javadoc" value="" />
    <property name="java.specification.name" value="Java Platform API Specification" />
    <property name="libs.CopyLibs.prop-version" value="2.0" />
    <property name="libraries.dir" value="D:/Repository/repo-medrecapp/medrecapp/lib" />
    <property name="java.specification.vendor" value="Oracle Corporation" />
    <property name="libs.javac-api.classpath" value="C:\Program Files\NetBeans 8.0.2\java\modules\ext\nb-javac-api.jar" />
    <property name="java.version" value="1.8.0_72" />
    <property name="javadoc.version" value="false" />
    <property name="libs.MySQLDriver.javadoc" value="" />
    <property name="sql.pass" value="" />
    <property name="source.encoding" value="UTF-8" />
    <property name="ap.cmd.line.internal" value="" />
    <property name="libs.eclipselinkmodelgen.maven-pom" value="" />
    <property name="libs.jsp-compilation-syscp.javadoc" value="" />
    <property name="libs.junit.maven-pom" value="" />
    <property name="libs.eclipselinkmodelgen.javadoc" value="" />
    <property name="libs.javaee-endorsed-api-7.0.classpath" value="C:\Program Files\NetBeans 8.0.2\enterprise\modules\ext\javaee7-endorsed\javax.annotation-api.jar;C:\Program Files\NetBeans 8.0.2\enterprise\modules\ext\javaee7-endorsed\javax.xml.soap-api.jar;C:\Program Files\NetBeans 8.0.2\enterprise\modules\ext\javaee7-endorsed\jaxb-api-osgi.jar;C:\Program Files\NetBeans 8.0.2\enterprise\modules\ext\javaee7-endorsed\jaxws-api.jar;C:\Program Files\NetBeans 8.0.2\enterprise\modules\ext\javaee7-endorsed\jsr181-api.jar" />
    <property name="libs.metro.javadoc" value="C:\Program Files\NetBeans 8.0.2\enterprise\docs\metro-1.4-doc.zip" />
    <property name="libs.struts.maven-pom" value="" />
    <property name="annotation.processing.processor.options" value="" />
    <property name="libs.testng.maven-pom" value="" />
    <property name="libs.jaxb.src" value="" />
    <property name="work.dir" value="D:\Repository\repo-medrecapp\medrecapp" />
    <property name="libs.jaxb.classpath" value="C:\Program Files\NetBeans 8.0.2\ide\modules\ext\jaxb\jaxb-impl.jar;C:\Program Files\NetBeans 8.0.2\ide\modules\ext\jaxb\jaxb-xjc.jar;C:\Program Files\NetBeans 8.0.2\ide\modules\ext\jaxb\jaxb1-impl.jar;C:\Program Files\NetBeans 8.0.2\ide\modules\ext\jaxb\activation.jar;C:\Program Files\NetBeans 8.0.2\ide\modules\ext\jaxb\api\jaxb-api.jar;C:\Program Files\NetBeans 8.0.2\ide\modules\ext\jaxb\api\jsr173_1.0_api.jar" />
    <property name="do.depend" value="false" />
    <property name="dist.javadoc.dir" value="dist/javadoc" />
    <property name="libs.swing-layout.classpath" value="C:\Program Files\NetBeans 8.0.2\platform\modules\ext\swing-layout-1.0.4.jar" />
    <property name="libs.spring-webmvc3.0.classpath" value="C:\Program Files\NetBeans 8.0.2\java\modules\ext\spring-3.0\spring-webmvc-3.2.7.RELEASE.jar" />
    <property name="libs.javaee-web-api-7.0.maven-pom" value="" />
    <property name="libs.restlib.src" value="" />
    <property name="build.generated.dir" value="build/generated" />
    <property name="javac.source" value="1.5" />
    <property name="line.separator" value="&#xd;&#xa;" />
    <property name="java.specification.version" value="1.8" />
    <property name="libs.jaxws21.maven-pom" value="" />
    <property name="java.vm.info" value="mixed mode" />
    <property name="libraries.path" value="D:\Repository\repo-medrecapp\medrecapp\lib\nblibraries.properties" />
    <property name="ant.file.MedRecApp" value="D:\Repository\repo-medrecapp\medrecapp\build.xml" />
    <property name="mysql.dbname" value="medrec" />
    <property name="sun.boot.class.path" value="C:\Program Files\Java\jdk1.8.0_72\jre\lib\resources.jar;C:\Program Files\Java\jdk1.8.0_72\jre\lib\rt.jar;C:\Program Files\Java\jdk1.8.0_72\jre\lib\sunrsasign.jar;C:\Program Files\Java\jdk1.8.0_72\jre\lib\jsse.jar;C:\Program Files\Java\jdk1.8.0_72\jre\lib\jce.jar;C:\Program Files\Java\jdk1.8.0_72\jre\lib\charsets.jar;C:\Program Files\Java\jdk1.8.0_72\jre\lib\jfr.jar;C:\Program Files\Java\jdk1.8.0_72\jre\classes" />
    <property name="javac.target" value="1.5" />
    <property name="built-jar.properties" value="D:\Repository\repo-medrecapp\medrecapp\build\built-jar.properties" />
    <property name="build.test.classes.dir" value="build/test/classes" />
    <property name="src.dir" value="src" />
    <property name="annotation.processing.enabled" value="true" />
    <property name="libs.jpa2-persistence.src" value="" />
    <property name="libs.jsf20.src" value="" />
    <property name="libs.jpa20-persistence.src" value="" />
    <property name="libs.jsf12.src" value="" />
    <property name="ant.file.MedRecApp-impl" value="D:\Repository\repo-medrecapp\medrecapp\nbproject\build-impl.xml" />
    <property name="libs.JAVADB_DRIVER_LABEL.maven-pom" value="" />
    <property name="libs.struts.javadoc" value="C:\Program Files\NetBeans 8.0.2\enterprise\docs\struts-1.3.10-javadoc.zip" />
    <property name="libs.Comet-GlassFish-v3.classpath" value="" />
    <property name="libs.javaee-web-api-7.0.src" value="" />
    <property name="libs.primefaces.src" value="" />
    <property name="dist.dir" value="dist" />
    <property name="do.archive+manifest.available+main.class" value="true" />
    <property name="javac.fork" value="false" />
    <property name="java.awt.printerjob" value="sun.awt.windows.WPrinterJob" />
    <property name="default.javac.source" value="1.8" />
    <property name="debug-transport-by-os" value="dt_shmem" />
    <property name="libs.FEST.classpath" value="D:/Repository/repo-medrecapp/medrecapp/lib/fest-swing-1.2/fest-swing-1.2.jar" />
    <property name="sun.jnu.encoding" value="Cp1252" />
    <property name="libs.MySQLDriver.src" value="" />
    <property name="build.test.results.dir" value="build/test/results" />
    <property name="java.runtime.version" value="1.8.0_72-b15" />
    <property name="manifest.available+main.class+mkdist.available" value="true" />
    <property name="default.javac.target" value="1.8" />
    <property name="libs.junit_4.classpath" value="D:/Repository/repo-medrecapp/medrecapp/lib/junit_4/junit-4.5.jar" />
    <property name="user.timezone" value="" />
    <property name="do.jar" value="true" />
    <property name="libs.javaee-endorsed-api-6.0.maven-pom" value="" />
    <property name="libs.JAVADB_DRIVER_LABEL.javadoc" value="" />
    <property name="libs.jsf20.javadoc" value="C:\Program Files\NetBeans 8.0.2\enterprise\docs\javaee-doc-api.jar" />
    <property name="libs.jstl.javadoc" value="C:\Program Files\NetBeans 8.0.2\enterprise\docs\javaee-doc-api.jar" />
    <property name="java.ext.dirs" value="C:\Program Files\Java\jdk1.8.0_72\jre\lib\ext;C:\WINDOWS\Sun\Java\lib\ext" />
    <property name="libs.metro.src" value="" />
    <property name="endorsed.classpath" value="" />
    <property name="libs.absolutelayout.classpath" value="C:\Program Files\NetBeans 8.0.2\java\modules\ext\AbsoluteLayout.jar" />
    <property name="excludes" value="" />
    <property name="libs.metro.classpath" value="C:\Program Files\NetBeans 8.0.2\ide\modules\ext\jaxb\activation.jar;C:\Program Files\NetBeans 8.0.2\enterprise\modules\ext\metro\webservices-api.jar;C:\Program Files\NetBeans 8.0.2\enterprise\modules\ext\metro\webservices-extra-api.jar;C:\Program Files\NetBeans 8.0.2\enterprise\modules\ext\metro\webservices-extra.jar;C:\Program Files\NetBeans 8.0.2\enterprise\modules\ext\metro\webservices-rt.jar;C:\Program Files\NetBeans 8.0.2\enterprise\modules\ext\metro\webservices-tools.jar" />
    <property name="libs.restlib.maven-pom" value="" />
    <property name="libs.jpa2-persistence.javadoc" value="C:\Program Files\NetBeans 8.0.2\java\modules\ext\docs\javax.persistence-2.1.0-doc.zip" />
    <property name="java.class.path" value="D:\Repository\repo-medrecapp\medrecapp\lib\MySQLDriver\mysql-connector-java-5.1.6-bin.jar;D:\Repository\repo-medrecapp\medrecapp\lib\jcalendar-1.4.jar;D:\Repository\repo-medrecapp\medrecapp\build\classes;D:\Repository\repo-medrecapp\medrecapp\lib\junit-4.11.jar;D:\Repository\repo-medrecapp\medrecapp\lib\junit_4\junit-4.5.jar;D:\Repository\repo-medrecapp\medrecapp\lib\fest-swing-1.2\fest-swing-1.2.jar;D:\Repository\repo-medrecapp\medrecapp\lib\fest-swing-1.2\fest-assert-1.2.jar;D:\Repository\repo-medrecapp\medrecapp\lib\fest-swing-1.2\fest-reflect-1.2.jar;D:\Repository\repo-medrecapp\medrecapp\lib\fest-swing-1.2\fest-util-1.1.2.jar;D:\Repository\repo-medrecapp\medrecapp\build\test\classes;C:\Program Files\Java\apache-ant-1.9.6\lib\ant-launcher.jar;C:\Program Files\Java\apache-ant-1.9.6\lib\ant.jar;C:\Program Files\Java\apache-ant-1.9.6\lib\ant-junit.jar;C:\Program Files\Java\apache-ant-1.9.6\lib\ant-junit4.jar" />
    <property name="do.mkdist" value="true" />
    <property name="libs.absolutelayout.src" value="" />
    <property name="libs.jpa20-persistence.classpath" value="C:\Program Files\NetBeans 8.0.2\java\modules\ext\eclipselink\javax.persistence_2.1.0.v201304241213.jar" />
    <property name="os.version" value="10.0" />
    <property name="application.args" value="" />
    <property name="libs.EclipseLink-GlassFish-v3.javadoc" value="C:\Program Files\NetBeans 8.0.2\enterprise\docs\javaee-doc-api.jar" />
    <property name="libs.javaee-api-7.0.maven-pom" value="" />
    <property name="main.class.available" value="true" />
    <property name="sun.desktop" value="windows" />
    <property name="libs.hibernate4-persistence.src" value="" />
    <property name="libs.hibernate4-support.maven-pom" value="" />
    <property name="libs.Comet-GlassFish-v3.src" value="" />
    <property name="libs.restlib.javadoc" value="" />
    <property name="libs.JAXB-ENDORSED.classpath" value="C:\Program Files\NetBeans 8.0.2\ide\modules\ext\jaxb\api\jaxb-api.jar" />
    <property name="libs.javaee-api-7.0.javadoc" value="C:\Program Files\NetBeans 8.0.2\enterprise\docs\javaee-doc-api.jar" />
    <property name="libs.eclipselink.classpath" value="C:\Program Files\NetBeans 8.0.2\java\modules\ext\eclipselink\eclipselink.jar;C:\Program Files\NetBeans 8.0.2\java\modules\ext\eclipselink\javax.persistence_2.1.0.v201304241213.jar;C:\Program Files\NetBeans 8.0.2\java\modules\ext\eclipselink\org.eclipse.persistence.jpa.jpql_2.5.2.v20140319-9ad6abd.jar" />
    <property name="libs.beans-binding.javadoc" value="C:\Program Files\NetBeans 8.0.2\java\docs\beansbinding-1.2.1-doc.zip" />
    <property name="java.awt.graphicsenv" value="sun.awt.Win32GraphicsEnvironment" />
    <property name="java.vm.vendor" value="Oracle Corporation" />
    <property name="libs.CopyLibs.classpath" value="D:/Repository/repo-medrecapp/medrecapp/lib/CopyLibs/org-netbeans-modules-java-j2seproject-copylibstask.jar" />
    <property name="libs.spring-framework300.classpath" value="C:\Program Files\NetBeans 8.0.2\ide\modules\org-apache-commons-logging.jar;C:\Program Files\NetBeans 8.0.2\java\modules\ext\cglib-2.2.jar;C:\Program Files\NetBeans 8.0.2\java\modules\ext\spring-3.0\spring-aop-3.2.7.RELEASE.jar;C:\Program Files\NetBeans 8.0.2\java\modules\ext\spring-3.0\spring-aspects-3.2.7.RELEASE.jar;C:\Program Files\NetBeans 8.0.2\java\modules\ext\spring-3.0\spring-beans-3.2.7.RELEASE.jar;C:\Program Files\NetBeans 8.0.2\java\modules\ext\spring-3.0\spring-build-src-3.2.7.RELEASE.jar;C:\Program Files\NetBeans 8.0.2\java\modules\ext\spring-3.0\spring-context-3.2.7.RELEASE.jar;C:\Program Files\NetBeans 8.0.2\java\modules\ext\spring-3.0\spring-context-support-3.2.7.RELEASE.jar;C:\Program Files\NetBeans 8.0.2\java\modules\ext\spring-3.0\spring-core-3.2.7.RELEASE.jar;C:\Program Files\NetBeans 8.0.2\java\modules\ext\spring-3.0\spring-expression-3.2.7.RELEASE.jar;C:\Program Files\NetBeans 8.0.2\java\modules\ext\spring-3.0\spring-framework-bom-3.2.7.RELEASE.jar;C:\Program Files\NetBeans 8.0.2\java\modules\ext\spring-3.0\spring-instrument-3.2.7.RELEASE.jar;C:\Program Files\NetBeans 8.0.2\java\modules\ext\spring-3.0\spring-instrument-tomcat-3.2.7.RELEASE.jar;C:\Program Files\NetBeans 8.0.2\java\modules\ext\spring-3.0\spring-jdbc-3.2.7.RELEASE.jar;C:\Program Files\NetBeans 8.0.2\java\modules\ext\spring-3.0\spring-jms-3.2.7.RELEASE.jar;C:\Program Files\NetBeans 8.0.2\java\modules\ext\spring-3.0\spring-orm-3.2.7.RELEASE.jar;C:\Program Files\NetBeans 8.0.2\java\modules\ext\spring-3.0\spring-oxm-3.2.7.RELEASE.jar;C:\Program Files\NetBeans 8.0.2\java\modules\ext\spring-3.0\spring-struts-3.2.7.RELEASE.jar;C:\Program Files\NetBeans 8.0.2\java\modules\ext\spring-3.0\spring-test-3.2.7.RELEASE.jar;C:\Program Files\NetBeans 8.0.2\java\modules\ext\spring-3.0\spring-tx-3.2.7.RELEASE.jar;C:\Program Files\NetBeans 8.0.2\java\modules\ext\spring-3.0\spring-web-3.2.7.RELEASE.jar;C:\Program Files\NetBeans 8.0.2\java\modules\ext\spring-3.0\spring-webmvc-3.2.7.RELEASE.jar;C:\Program Files\NetBeans 8.0.2\java\modules\ext\spring-3.0\spring-webmvc-portlet-3.2.7.RELEASE.jar" />
    <property name="libs.jsp-compiler.maven-pom" value="" />
    <property name="run.jvmargs" value="" />
    <property name="libs.hibernate4-persistence.classpath" value="C:\Program Files\NetBeans 8.0.2\java\modules\ext\hibernate4\antlr-2.7.7.jar;C:\Program Files\NetBeans 8.0.2\java\modules\ext\hibernate4\c3p0-0.9.2.1.jar;C:\Program Files\NetBeans 8.0.2\java\modules\ext\hibernate4\hibernate-c3p0-4.3.1.Final.jar;C:\Program Files\NetBeans 8.0.2\java\modules\ext\hibernate4\mchange-commons-java-0.2.3.4.jar;C:\Program Files\NetBeans 8.0.2\java\modules\ext\hibernate4\dom4j-1.6.1.jar;C:\Program Files\NetBeans 8.0.2\java\modules\ext\hibernate4\ehcache-core-2.4.3.jar;C:\Program Files\NetBeans 8.0.2\java\modules\ext\hibernate4\hibernate-ehcache-4.3.1.Final.jar;C:\Program Files\NetBeans 8.0.2\java\modules\ext\hibernate4\hibernate-core-4.3.1.Final.jar;C:\Program Files\NetBeans 8.0.2\java\modules\ext\hibernate4\jboss-logging-3.1.3.GA.jar;C:\Program Files\NetBeans 8.0.2\java\modules\ext\hibernate4\hibernate-commons-annotations-4.0.4.Final.jar;C:\Program Files\NetBeans 8.0.2\java\modules\ext\hibernate4\hibernate-entitymanager-4.3.1.Final.jar;C:\Program Files\NetBeans 8.0.2\java\modules\ext\hibernate4\javassist-3.18.1-GA.jar;C:\Program Files\NetBeans 8.0.2\java\modules\ext\hibernate4\jboss-transaction-api_1.2_spec-1.0.0.Final.jar;C:\Program Files\NetBeans 8.0.2\java\modules\ext\hibernate4\slf4j-api-1.6.1.jar;C:\Program Files\NetBeans 8.0.2\java\modules\ext\hibernate4\slf4j-simple-1.6.1.jar;C:\Program Files\NetBeans 8.0.2\java\modules\ext\hibernate4\hibernate-jpa-2.1-api-1.0.0.Final.jar" />
    <property name="libs.JAXB-ENDORSED.src" value="" />
    <property name="libs.testng.javadoc" value="C:\Program Files\NetBeans 8.0.2\platform\docs\testng-6.8.1-javadoc.zip" />
    <property name="sql.driver" value="com.mysql.jdbc.Driver" />
    <property name="ant.file.type" value="file" />
    <property name="user.script" value="" />
    <property name="libs.PostgreSQLDriver.classpath" value="C:\Program Files\NetBeans 8.0.2\ide\modules\ext\postgresql-9.2-1002.jdbc4.jar" />
    <property name="libs.jsf12.maven-pom" value="" />
    <property name="libs.hibernate4-persistencemodelgen.classpath" value="C:\Program Files\NetBeans 8.0.2\java\modules\ext\hibernate4\hibernate-jpamodelgen-4.3.1.Final.jar" />
    <property name="libs.junit.src" value="" />
    <property name="annotation.processing.source.output" value="build/generated-sources/ap-source-output" />
    <property name="main.class" value="medrecapp.Main" />
    <property name="libs.CopyLibs.src" value="" />
    <property name="libs.CopyLibs.displayName" value="CopyLibs Task" />
    <property name="build.dir" value="build" />
    <property name="libs.jsp-compilation.classpath" value="C:\Program Files\NetBeans 8.0.2\extide\ant\lib\ant.jar;C:\Program Files\NetBeans 8.0.2\enterprise\modules\ext\servlet3.1-jsp2.3-api.jar;C:\Program Files\NetBeans 8.0.2\enterprise\modules\ext\glassfish-jspparser-4.0.jar;C:\Program Files\NetBeans 8.0.2\enterprise\modules\ext\jsf-2_2\javax.faces.jar;C:\Program Files\NetBeans 8.0.2\enterprise\modules\ext\jstl-api.jar;C:\Program Files\NetBeans 8.0.2\extide\ant\lib\ant-launcher.jar" />
    <property name="ant.version" value="Apache Ant(TM) version 1.9.6 compiled on June 29 2015" />
    <property name="file.encoding" value="Cp1252" />
    <property name="build.classes.excludes" value="**/*.java,**/*.form" />
    <property name="javadoc.nonavbar" value="false" />
    <property name="libs.spring-webmvc4.0.classpath" value="C:\Program Files\NetBeans 8.0.2\java\modules\ext\spring-4\spring-webmvc-4.0.1.RELEASE.jar" />
    <property name="platform.active" value="default_platform" />
    <property name="awt.toolkit" value="sun.awt.windows.WToolkit" />
    <property name="libs.javaee-web-api-7.0.javadoc" value="C:\Program Files\NetBeans 8.0.2\enterprise\docs\javaee-doc-api.jar" />
    <property name="" value="======" />
  </properties>
  <testcase classname="medrecapp.Services.B_SpesialisGuiServiceTest" name="a_insertDataSpesialisKosong" time="0.706" />
  <testcase classname="medrecapp.Services.B_SpesialisGuiServiceTest" name="b_insertDataSpesialis" time="5.689" />
  <testcase classname="medrecapp.Services.B_SpesialisGuiServiceTest" name="c_updateDataSpesialisKosong" time="2.337" />
  <testcase classname="medrecapp.Services.B_SpesialisGuiServiceTest" name="d_updateDataSpesialis" time="5.927" />
  <testcase classname="medrecapp.Services.B_SpesialisGuiServiceTest" name="e_deleteDataSpesialis" time="1.171" />
  <system-out><![CDATA[1. InsertDataSpesialisKosong
2. InsertDataSpesialis
3. UpdateDataSpesialisKosong
4. UpdateDataSpesialis
5. DeleteDataSpesialis
]]></system-out>
  <system-err><![CDATA[]]></system-err>
</testsuite>
