<?xml version="1.0" encoding="UTF-8" ?>
<testsuite errors="0" failures="0" hostname="asus-PC" name="medrecapp.Services.StafServiceTest" skipped="0" tests="4" time="0.305" timestamp="2014-02-03T06:40:04">
  <properties>
    <property name="default.javac.source" value="1.7" />
    <property name="file.encoding.pkg" value="sun.io" />
    <property name="ant.file.MedRecApp-impl" value="C:\Users\asus\Documents\NetBeansProjects\MedRecApp\nbproject\build-impl.xml" />
    <property name="libs.toplink.maven-pom" value="" />
    <property name="user.language.format" value="id" />
    <property name="javac.source" value="1.5" />
    <property name="java.home" value="c:\Program Files\Java\jdk1.7.0_17\jre" />
    <property name="do.archive+manifest.available+main.class" value="true" />
    <property name="test.src.dir" value="test" />
    <property name="libs.jaxws21.src" value="" />
    <property name="javadoc.version" value="false" />
    <property name="libs.CopyLibs.classpath" value="C:/Users/asus/Documents/NetBeansProjects/MedRecApp/lib/CopyLibs/org-netbeans-modules-java-j2seproject-copylibstask.jar" />
    <property name="libs.javac-api.src" value="" />
    <property name="libraries.path" value="C:\Users\asus\Documents\NetBeansProjects\MedRecApp\lib\nblibraries.properties" />
    <property name="java.endorsed.dirs" value="c:\Program Files\Java\jdk1.7.0_17\jre\lib\endorsed" />
    <property name="libs.MySQLDriver.classpath" value="C:/Users/asus/Documents/NetBeansProjects/MedRecApp/lib/MySQLDriver/mysql-connector-java-5.1.6-bin.jar" />
    <property name="libs.jaxb.javadoc" value="C:\Program Files\NetBeans 6.9.1\ide\docs\jaxb-api-doc.zip" />
    <property name="libs.junit.maven-pom" value="" />
    <property name="libs.PostgreSQLDriver.src" value="" />
    <property name="src.dir" value="src" />
    <property name="debug-args-line" value="-Xdebug" />
    <property name="build.sysclasspath" value="ignore" />
    <property name="have.sources" value="true" />
    <property name="includes" value="**" />
    <property name="javac.fork" value="false" />
    <property name="source.encoding" value="UTF-8" />
    <property name="libs.jaxws21.classpath" value="C:\Program Files\NetBeans 6.9.1\ide\modules\ext\jaxb\jaxb-impl.jar;C:\Program Files\NetBeans 6.9.1\ide\modules\ext\jaxb\jaxb-xjc.jar;C:\Program Files\NetBeans 6.9.1\java\modules\ext\jaxws22\FastInfoset.jar;C:\Program Files\NetBeans 6.9.1\java\modules\ext\jaxws22\gmbal-api-only.jar;C:\Program Files\NetBeans 6.9.1\java\modules\ext\jaxws22\http.jar;C:\Program Files\NetBeans 6.9.1\java\modules\ext\jaxws22\jaxws-rt.jar;C:\Program Files\NetBeans 6.9.1\java\modules\ext\jaxws22\jaxws-tools.jar;C:\Program Files\NetBeans 6.9.1\java\modules\ext\jaxws22\management-api.jar;C:\Program Files\NetBeans 6.9.1\java\modules\ext\jaxws22\mimepull.jar;C:\Program Files\NetBeans 6.9.1\java\modules\ext\jaxws22\policy.jar;C:\Program Files\NetBeans 6.9.1\java\modules\ext\jaxws22\saaj-impl.jar;C:\Program Files\NetBeans 6.9.1\java\modules\ext\jaxws22\stax-ex.jar;C:\Program Files\NetBeans 6.9.1\java\modules\ext\jaxws22\streambuffer.jar;C:\Program Files\NetBeans 6.9.1\java\modules\ext\jaxws22\woodstox.jar;C:\Program Files\NetBeans 6.9.1\java\modules\ext\jaxws22\api\jaxws-api.jar;C:\Program Files\NetBeans 6.9.1\java\modules\ext\jaxws22\api\jsr181-api.jar;C:\Program Files\NetBeans 6.9.1\java\modules\ext\jaxws22\api\jsr250-api.jar;C:\Program Files\NetBeans 6.9.1\java\modules\ext\jaxws22\api\saaj-api.jar;C:\Program Files\NetBeans 6.9.1\ide\modules\ext\jaxb\activation.jar;C:\Program Files\NetBeans 6.9.1\ide\modules\ext\jaxb\api\jaxb-api.jar;C:\Program Files\NetBeans 6.9.1\ide\modules\ext\jaxb\api\jsr173_api.jar" />
    <property name="libs.swing-app-framework.javadoc" value="C:\Program Files\NetBeans 6.9.1\java\docs\appframework-1.0.3-doc.zip" />
    <property name="sun.os.patch.level" value="Service Pack 1" />
    <property name="java.vendor.url" value="http://java.oracle.com/" />
    <property name="java.version" value="1.7.0_17" />
    <property name="javac.debug" value="true" />
    <property name="run.classpath" value="C:/Users/asus/Documents/NetBeansProjects/MedRecApp/lib/MySQLDriver/mysql-connector-java-5.1.6-bin.jar:lib/jcalendar-1.4.jar:build/classes" />
    <property name="libs.PostgreSQLDriver.maven-pom" value="" />
    <property name="java.vendor.url.bug" value="http://bugreport.sun.com/bugreport/" />
    <property name="libs.eclipselink.javadoc" value="" />
    <property name="libs.TimingFramework.classpath" value="C:\Users\asus\Downloads\Compressed\[Project Eko] eMovie Rental\eMovieRental\lib\TimingFramework-1.0.jar" />
    <property name="libs.absolutelayout.javadoc" value="" />
    <property name="libs.junit_4.maven-pom" value="" />
    <property name="ant.project.invoked-targets" value="default" />
    <property name="annotation.processing.run.all.processors" value="true" />
    <property name="manifest.file" value="manifest.mf" />
    <property name="mysqladmin" value="C:\xampp\mysql\bin\mysqladmin.exe" />
    <property name="libs.swing-app-framework.maven-pom" value="" />
    <property name="user.name" value="asus" />
    <property name="manifest.available+main.class+mkdist.available" value="true" />
    <property name="empty.dir" value="C:\Users\asus\Documents\NetBeansProjects\MedRecApp\build\empty" />
    <property name="sun.io.unicode.encoding" value="UnicodeLittle" />
    <property name="ant.file.type.MedRecApp" value="file" />
    <property name="sql.pass" value="" />
    <property name="libs.POI.maven-pom" value="" />
    <property name="sun.jnu.encoding" value="Cp1252" />
    <property name="java.runtime.name" value="Java(TM) SE Runtime Environment" />
    <property name="application.vendor" value="asus" />
    <property name="php.global.include.path" value="" />
    <property name="main.class.available" value="true" />
    <property name="java.specification.name" value="Java Platform API Specification" />
    <property name="javadoc.author" value="false" />
    <property name="libs.hibernate-support.javadoc" value="" />
    <property name="user.timezone" value="" />
    <property name="manifest.available" value="true" />
    <property name="libs.spring-framework.maven-pom" value="" />
    <property name="libs.swing-layout.maven-pom" value="" />
    <property name="libs.junit.javadoc" value="C:/Users/asus/Documents/NetBeansProjects/MedRecApp/lib/junit/junit-3.8.2-api.zip" />
    <property name="user.script" value="" />
    <property name="path.separator" value=";" />
    <property name="version-output" value="java version &quot;1.7" />
    <property name="libs.ejb3-persistence.src" value="" />
    <property name="libs.absolutelayout.classpath" value="C:\Program Files\NetBeans 6.9.1\java\modules\ext\AbsoluteLayout.jar;C:\Users\asus\Downloads\Compressed\[Project Eko] eMovie Rental\eMovieRental\lib\TimingFramework-1.0.jar" />
    <property name="sql.user" value="root" />
    <property name="file.reference.junit-4.11.jar" value="lib\junit-4.11.jar" />
    <property name="libs.jaxb.maven-pom" value="" />
    <property name="file.encoding" value="Cp1252" />
    <property name="libs.eclipselink.src" value="" />
    <property name="dist.javadoc.dir" value="dist/javadoc" />
    <property name="ant.project.default-target" value="default" />
    <property name="libs.hibernate-persistence.javadoc" value="" />
    <property name="libs.ejb3-persistence.classpath" value="C:\Program Files\NetBeans 6.9.1\java\modules\ext\hibernate\ejb3-persistence.jar" />
    <property name="sun.java.command" value="org.apache.tools.ant.taskdefs.optional.junit.JUnitTestRunner medrecapp.Services.StafServiceTest filtertrace=true haltOnError=false haltOnFailure=false showoutput=true outputtoformatters=true logfailedtests=true logtestlistenerevents=false formatter=org.apache.tools.ant.taskdefs.optional.junit.BriefJUnitResultFormatter formatter=org.apache.tools.ant.taskdefs.optional.junit.XMLJUnitResultFormatter,C:\Users\asus\Documents\NetBeansProjects\MedRecApp\build\test\results\TEST-medrecapp.Services.StafServiceTest.xml crashfile=C:\Users\asus\Documents\NetBeansProjects\MedRecApp\build\junitvmwatcher134524555148784557.properties propsfile=C:\Users\asus\Documents\NetBeansProjects\MedRecApp\build\junit3475478688176544821.properties" />
    <property name="built-jar.properties" value="C:\Users\asus\Documents\NetBeansProjects\MedRecApp\build\built-jar.properties" />
    <property name="libs.CopyLibs.displayName" value="CopyLibs Task" />
    <property name="libs.junit.src" value="" />
    <property name="ant.file" value="C:\Users\asus\Documents\NetBeansProjects\MedRecApp\build.xml" />
    <property name="file.reference.fest-assert-1.2.jar" value="lib\fest-swing-1.2\fest-assert-1.2.jar" />
    <property name="libs.junit_4.src" value="C:/Users/asus/Documents/NetBeansProjects/MedRecApp/lib/junit_4/junit-4.5-src.jar" />
    <property name="do.jar" value="true" />
    <property name="java.io.tmpdir" value="C:\Users\asus\AppData\Local\Temp\" />
    <property name="build.test.results.dir" value="build/test/results" />
    <property name="user.language" value="en" />
    <property name="libs.spring-framework300.src" value="" />
    <property name="line.separator" value="&#xd;&#xa;" />
    <property name="libs.absolutelayout.src" value="" />
    <property name="javac.compilerargs" value="" />
    <property name="ant.file.type" value="file" />
    <property name="libs.hibernate-support.maven-pom" value="" />
    <property name="jar.compress" value="false" />
    <property name="debug-transport-by-os" value="dt_shmem" />
    <property name="libs.UsuLibrary.src" value="" />
    <property name="libs.JWSAntTasks.src" value="" />
    <property name="libs.UsuLibrary.classpath" value="C:\Users\asus\Downloads\Compressed\[Project Eko] eMovie Rental\eMovieRental\lib\UsuLibrary.jar" />
    <property name="libs.hibernate-persistence.maven-pom" value="" />
    <property name="java.vm.info" value="mixed mode" />
    <property name="libs.javac-api.maven-pom" value="" />
    <property name="javadoc.private" value="false" />
    <property name="annotation.processing.processors.list" value="" />
    <property name="sun.desktop" value="windows" />
    <property name="java.vm.specification.name" value="Java Virtual Machine Specification" />
    <property name="build.test.classes.dir" value="build/test/classes" />
    <property name="libs.jaxb.src" value="" />
    <property name="file.reference.fest-swing-1.2.jar" value="lib\fest-swing-1.2\fest-swing-1.2.jar" />
    <property name="libs.MySQLDriver.javadoc" value="" />
    <property name="manifest.available+main.class" value="true" />
    <property name="libs.beans-binding.javadoc" value="C:\Program Files\NetBeans 6.9.1\java\docs\beansbinding-1.2.1-doc.zip" />
    <property name="file.reference.fest-util-1.1.2.jar" value="lib\fest-swing-1.2\fest-util-1.1.2.jar" />
    <property name="platform.active" value="default_platform" />
    <property name="ap.cmd.line.internal" value="" />
    <property name="libs.spring-framework300.classpath" value="C:\Program Files\NetBeans 6.9.1\ide\modules\ext\commons-logging-1.1.jar;C:\Program Files\NetBeans 6.9.1\java\modules\ext\cglib-2.2.jar;C:\Program Files\NetBeans 6.9.1\java\modules\ext\spring-3.0\spring-aop-3.0.2.RELEASE.jar;C:\Program Files\NetBeans 6.9.1\java\modules\ext\spring-3.0\spring-asm-3.0.2.RELEASE.jar;C:\Program Files\NetBeans 6.9.1\java\modules\ext\spring-3.0\spring-aspects-3.0.2.RELEASE.jar;C:\Program Files\NetBeans 6.9.1\java\modules\ext\spring-3.0\spring-beans-3.0.2.RELEASE.jar;C:\Program Files\NetBeans 6.9.1\java\modules\ext\spring-3.0\spring-context-3.0.2.RELEASE.jar;C:\Program Files\NetBeans 6.9.1\java\modules\ext\spring-3.0\spring-context-support-3.0.2.RELEASE.jar;C:\Program Files\NetBeans 6.9.1\java\modules\ext\spring-3.0\spring-core-3.0.2.RELEASE.jar;C:\Program Files\NetBeans 6.9.1\java\modules\ext\spring-3.0\spring-expression-3.0.2.RELEASE.jar;C:\Program Files\NetBeans 6.9.1\java\modules\ext\spring-3.0\spring-instrument-3.0.2.RELEASE.jar;C:\Program Files\NetBeans 6.9.1\java\modules\ext\spring-3.0\spring-instrument-tomcat-3.0.2.RELEASE.jar;C:\Program Files\NetBeans 6.9.1\java\modules\ext\spring-3.0\spring-jdbc-3.0.2.RELEASE.jar;C:\Program Files\NetBeans 6.9.1\java\modules\ext\spring-3.0\spring-jms-3.0.2.RELEASE.jar;C:\Program Files\NetBeans 6.9.1\java\modules\ext\spring-3.0\spring-orm-3.0.2.RELEASE.jar;C:\Program Files\NetBeans 6.9.1\java\modules\ext\spring-3.0\spring-oxm-3.0.2.RELEASE.jar;C:\Program Files\NetBeans 6.9.1\java\modules\ext\spring-3.0\spring-test-3.0.2.RELEASE.jar;C:\Program Files\NetBeans 6.9.1\java\modules\ext\spring-3.0\spring-tx-3.0.2.RELEASE.jar;C:\Program Files\NetBeans 6.9.1\java\modules\ext\spring-3.0\spring-web-3.0.2.RELEASE.jar;C:\Program Files\NetBeans 6.9.1\java\modules\ext\spring-3.0\spring-webmvc-portlet-3.0.2.RELEASE.jar;C:\Program Files\NetBeans 6.9.1\java\modules\ext\spring-3.0\spring-webmvc-3.0.2.RELEASE.jar;C:\Program Files\NetBeans 6.9.1\java\modules\ext\spring-3.0\spring-struts-3.0.2.RELEASE.jar" />
    <property name="libs.junit_4.javadoc" value="C:/Users/asus/Documents/NetBeansProjects/MedRecApp/lib/junit_4/junit-4.5-api.zip" />
    <property name="endorsed.classpath" value="" />
    <property name="libs.spring-framework.src" value="" />
    <property name="libs.beans-binding.maven-pom" value="" />
    <property name="do.mkdist" value="true" />
    <property name="javadoc.encoding" value="UTF-8" />
    <property name="java.awt.printerjob" value="sun.awt.windows.WPrinterJob" />
    <property name="do.archive" value="true" />
    <property name="dist.jar" value="dist/MedRecApp.jar" />
    <property name="meta.inf.dir" value="src/META-INF" />
    <property name="ant.version" value="Apache Ant(TM) version 1.9.2 compiled on July 8 2013" />
    <property name="javadoc.nonavbar" value="false" />
    <property name="user.country.format" value="ID" />
    <property name="user.properties.file" value="C:\Users\asus\.netbeans\6.9\build.properties" />
    <property name="libs.JWSAntTasks.classpath" value="C:\Program Files\NetBeans 6.9.1\java\ant\extra\org-netbeans-modules-javawebstart-anttasks.jar" />
    <property name="libs.toplink.classpath" value="C:\Program Files\NetBeans 6.9.1\java\modules\ext\toplink\toplink-essentials.jar;C:\Program Files\NetBeans 6.9.1\java\modules\ext\toplink\toplink-essentials-agent.jar" />
    <property name="ant.file.MedRecApp" value="C:\Users\asus\Documents\NetBeansProjects\MedRecApp\build.xml" />
    <property name="libs.spring-framework.javadoc" value="" />
    <property name="annotation.processing.source.output" value="build/generated-sources/ap-source-output" />
    <property name="libs.CopyLibs.maven-pom" value="" />
    <property name="sql.driver" value="com.mysql.jdbc.Driver" />
    <property name="build.generated.dir" value="build/generated" />
    <property name="libs.eclipselink.maven-pom" value="" />
    <property name="os.name" value="Windows 7" />
    <property name="java.specification.vendor" value="Oracle Corporation" />
    <property name="run.test.classpath" value="C:/Users/asus/Documents/NetBeansProjects/MedRecApp/lib/MySQLDriver/mysql-connector-java-5.1.6-bin.jar:lib/jcalendar-1.4.jar:build/classes:lib\junit-4.11.jar:C:/Users/asus/Documents/NetBeansProjects/MedRecApp/lib/junit_4/junit-4.5.jar:lib\fest-swing-1.2\fest-swing-1.2.jar:lib\fest-swing-1.2\fest-assert-1.2.jar:lib\fest-swing-1.2\fest-reflect-1.2.jar:lib\fest-swing-1.2\fest-util-1.1.2.jar:build/test/classes" />
    <property name="libs.CopyLibs.src" value="" />
    <property name="java.vm.name" value="Java HotSpot(TM) 64-Bit Server VM" />
    <property name="libs.junit.classpath" value="C:/Users/asus/Documents/NetBeansProjects/MedRecApp/lib/junit/junit-3.8.2.jar" />
    <property name="libs.beans-binding.src" value="" />
    <property name="java.library.path" value="c:\Program Files\Java\jdk1.7.0_17\jre\bin;C:\Windows\Sun\Java\bin;C:\Windows\system32;C:\Windows;c:\Users\asus\bin;.;C:\Program Files (x86)\Git\local\bin;C:\Program Files (x86)\Git\mingw\bin;C:\Program Files (x86)\Git\bin;c:\Program Files (x86)\Intel\iCLS Client\;c:\Program Files\Intel\iCLS Client\;c:\Windows\system32;c:\Windows;c:\Windows\System32\Wbem;c:\Windows\System32\WindowsPowerShell\v1.0\;c:\Program Files (x86)\Intel\OpenCL SDK\2.0\bin\x86;c:\Program Files (x86)\Intel\OpenCL SDK\2.0\bin\x64;c:\Program Files\Intel\Intel(R) Management Engine Components\DAL;c:\Program Files\Intel\Intel(R) Management Engine Components\IPT;c:\Program Files (x86)\Intel\Intel(R) Management Engine Components\DAL;c:\Program Files (x86)\Intel\Intel(R) Management Engine Components\IPT;c:\Program Files (x86)\Microsoft SQL Server\100\Tools\Binn\;c:\Program Files\Microsoft SQL Server\100\Tools\Binn\;c:\Program Files\Microsoft SQL Server\100\DTS\Binn\;c:\Program Files (x86)\Microsoft SQL Server\100\Tools\Binn\VSShell\Common7\IDE\;c:\Program Files (x86)\Microsoft Visual Studio 9.0\Common7\IDE\PrivateAssemblies\;c:\Program Files (x86)\Microsoft SQL Server\100\DTS\Binn\;c:\Program Files (x86)\Bitvise SSH Client;c:\Program Files\Intel\WiFi\bin\;c:\Program Files\Common Files\Intel\WirelessCommon\;c:\Program Files\TortoiseGit\bin;C:\Program Files (x86)\Git\cmd;C:\Program Files (x86)\Git\bin;c:\apache-ant-1.9.2\bin;c:\Program Files\Java\jdk1.7.0_17\bin;c:\Users\asus\Documents\NetBeansProjects\LatihanTesting\lib\junit-4.6.jar;c:\Program Files (x86)\Rational\common;c:\Program Files\Intel\WiFi\bin\;c:\Program Files\Common Files\Intel\WirelessCommon\ ;c:\xampp\php;c:\Program Files\Java\jdk1.7.0_17\bin;c:\cygwin64\bin;C:\Program Files (x86)\Git\bin;.;." />
    <property name="libs.toplink.javadoc" value="" />
    <property name="do.archive+manifest.available+main.class+mkdist.available" value="true" />
    <property name="libs.PostgreSQLDriver.javadoc" value="" />
    <property name="ant.java.version" value="1.7" />
    <property name="java.class.version" value="51.0" />
    <property name="javadoc.noindex" value="false" />
    <property name="basedir" value="C:\Users\asus\Documents\NetBeansProjects\MedRecApp" />
    <property name="javac.test.classpath" value="C:/Users/asus/Documents/NetBeansProjects/MedRecApp/lib/MySQLDriver/mysql-connector-java-5.1.6-bin.jar:lib/jcalendar-1.4.jar:build/classes:lib\junit-4.11.jar:C:/Users/asus/Documents/NetBeansProjects/MedRecApp/lib/junit_4/junit-4.5.jar:lib\fest-swing-1.2\fest-swing-1.2.jar:lib\fest-swing-1.2\fest-assert-1.2.jar:lib\fest-swing-1.2\fest-reflect-1.2.jar:lib\fest-swing-1.2\fest-util-1.1.2.jar" />
    <property name="javac.processorpath" value="C:/Users/asus/Documents/NetBeansProjects/MedRecApp/lib/MySQLDriver/mysql-connector-java-5.1.6-bin.jar:lib/jcalendar-1.4.jar" />
    <property name="ant.home" value="c:/apache-ant-1.9.2" />
    <property name="libs.hibernate-persistence.src" value="" />
    <property name="javadoc.splitindex" value="true" />
    <property name="libs.toplink.src" value="" />
    <property name="javac.test.processorpath" value="C:/Users/asus/Documents/NetBeansProjects/MedRecApp/lib/MySQLDriver/mysql-connector-java-5.1.6-bin.jar:lib/jcalendar-1.4.jar:build/classes:lib\junit-4.11.jar:C:/Users/asus/Documents/NetBeansProjects/MedRecApp/lib/junit_4/junit-4.5.jar:lib\fest-swing-1.2\fest-swing-1.2.jar:lib\fest-swing-1.2\fest-assert-1.2.jar:lib\fest-swing-1.2\fest-reflect-1.2.jar:lib\fest-swing-1.2\fest-util-1.1.2.jar" />
    <property name="libs.TimingFramework.javadoc" value="" />
    <property name="libs.javac-api.javadoc" value="" />
    <property name="javadoc.preview" value="true" />
    <property name="libs.MySQLDriver.maven-pom" value="" />
    <property name="libs.CopyLibs.javadoc" value="" />
    <property name="libs.PostgreSQLDriver.classpath" value="C:\Program Files\NetBeans 6.9.1\ide\modules\ext\postgresql-8.3-603.jdbc3.jar" />
    <property name="libs.UsuLibrary.javadoc" value="" />
    <property name="libs.jaxws21.maven-pom" value="" />
    <property name="libs.junit_4.classpath" value="C:/Users/asus/Documents/NetBeansProjects/MedRecApp/lib/junit_4/junit-4.5.jar" />
    <property name="sun.boot.library.path" value="c:\Program Files\Java\jdk1.7.0_17\jre\bin" />
    <property name="build.dir" value="build" />
    <property name="application.title" value="MedRecApp" />
    <property name="sun.management.compiler" value="HotSpot 64-Bit Tiered Compilers" />
    <property name="libs.swing-app-framework.classpath" value="C:\Program Files\NetBeans 6.9.1\java\modules\ext\appframework-1.0.3.jar;C:\Program Files\NetBeans 6.9.1\java\modules\ext\swing-worker-1.1.jar" />
    <property name="libs.ejb3-persistence.javadoc" value="" />
    <property name="java.awt.graphicsenv" value="sun.awt.Win32GraphicsEnvironment" />
    <property name="user.variant" value="" />
    <property name="libraries.dir.nativedirsep" value="C:\Users\asus\Documents\NetBeansProjects\MedRecApp\lib" />
    <property name="javadoc.encoding.used" value="UTF-8" />
    <property name="libs.POI.classpath" value="C:\Users\asus\Downloads\Compressed\[Project Eko] eMovie Rental\eMovieRental\lib\poi-3.0.2-beta1-20071204.jar;C:\Users\asus\Downloads\Compressed\[Project Eko] eMovie Rental\eMovieRental\lib\poi-contrib-3.0.2-beta1-20071204.jar;C:\Users\asus\Downloads\Compressed\[Project Eko] eMovie Rental\eMovieRental\lib\poi-scratchpad-3.0.2-beta1-20071204.jar" />
    <property name="javadoc.windowtitle" value="" />
    <property name="libs.hibernate-support.src" value="" />
    <property name="libs.TimingFramework.src" value="" />
    <property name="annotation.processing.enabled" value="true" />
    <property name="libs.TimingFramework.maven-pom" value="" />
    <property name="libs.CopyLibs.prop-version" value="1.0" />
    <property name="run.jvmargs" value="" />
    <property name="build.generated.sources.dir" value="build/generated-sources" />
    <property name="file.reference.jcalendar-1.4.jar" value="lib/jcalendar-1.4.jar" />
    <property name="ant.project.name" value="MedRecApp" />
    <property name="libs.swing-layout.classpath" value="C:\Program Files\NetBeans 6.9.1\platform\modules\ext\swing-layout-1.0.4.jar" />
    <property name="libs.spring-framework.classpath" value="C:\Program Files\NetBeans 6.9.1\ide\modules\ext\commons-logging-1.1.jar;C:\Program Files\NetBeans 6.9.1\java\modules\ext\cglib-2.2.jar;C:\Program Files\NetBeans 6.9.1\java\modules\ext\spring\spring-2.5.6.SEC01.jar" />
    <property name="java.vm.specification.version" value="1.7" />
    <property name="libs.jaxb.classpath" value="C:\Program Files\NetBeans 6.9.1\ide\modules\ext\jaxb\jaxb-impl.jar;C:\Program Files\NetBeans 6.9.1\ide\modules\ext\jaxb\jaxb-xjc.jar;C:\Program Files\NetBeans 6.9.1\ide\modules\ext\jaxb\jaxb1-impl.jar;C:\Program Files\NetBeans 6.9.1\ide\modules\ext\jaxb\activation.jar;C:\Program Files\NetBeans 6.9.1\ide\modules\ext\jaxb\api\jaxb-api.jar;C:\Program Files\NetBeans 6.9.1\ide\modules\ext\jaxb\api\jsr173_api.jar" />
    <property name="work.dir" value="C:\Users\asus\Documents\NetBeansProjects\MedRecApp" />
    <property name="awt.toolkit" value="sun.awt.windows.WToolkit" />
    <property name="javadoc.use" value="true" />
    <property name="sun.cpu.isalist" value="amd64" />
    <property name="java.ext.dirs" value="c:\Program Files\Java\jdk1.7.0_17\jre\lib\ext;C:\Windows\Sun\Java\lib\ext" />
    <property name="os.version" value="6.1" />
    <property name="excludes" value="" />
    <property name="user.home" value="C:\Users\asus" />
    <property name="libraries.basename" value="nblibraries" />
    <property name="java.vm.vendor" value="Oracle Corporation" />
    <property name="libs.absolutelayout.maven-pom" value="" />
    <property name="user.dir" value="C:\Users\asus\Documents\NetBeansProjects\MedRecApp" />
    <property name="debug-transport" value="dt_shmem" />
    <property name="libs.ejb3-persistence.maven-pom" value="" />
    <property name="application.args" value="" />
    <property name="libs.POI.javadoc" value="" />
    <property name="sun.cpu.endian" value="little" />
    <property name="compile.on.save" value="true" />
    <property name="libs.hibernate-support.classpath" value="C:\Program Files\NetBeans 6.9.1\java\modules\ext\hibernate\antlr-2.7.6.jar;C:\Program Files\NetBeans 6.9.1\java\modules\ext\hibernate\asm.jar;C:\Program Files\NetBeans 6.9.1\java\modules\ext\hibernate\asm-attrs.jar;C:\Program Files\NetBeans 6.9.1\java\modules\ext\hibernate\cglib-2.1.3.jar;C:\Program Files\NetBeans 6.9.1\java\modules\ext\hibernate\commons-collections-2.1.1.jar;C:\Program Files\NetBeans 6.9.1\ide\modules\ext\commons-logging-1.1.jar;C:\Program Files\NetBeans 6.9.1\java\modules\ext\hibernate\dom4j-1.6.1.jar;C:\Program Files\NetBeans 6.9.1\java\modules\ext\hibernate\ehcache-1.2.3.jar;C:\Program Files\NetBeans 6.9.1\java\modules\ext\hibernate\jdbc2_0-stdext.jar;C:\Program Files\NetBeans 6.9.1\java\modules\ext\hibernate\jta.jar;C:\Program Files\NetBeans 6.9.1\java\modules\ext\hibernate\hibernate3.jar;C:\Program Files\NetBeans 6.9.1\java\modules\ext\hibernate\hibernate-tools.jar;C:\Program Files\NetBeans 6.9.1\java\modules\ext\hibernate\hibernate-annotations.jar;C:\Program Files\NetBeans 6.9.1\java\modules\ext\hibernate\hibernate-commons-annotations.jar;C:\Program Files\NetBeans 6.9.1\java\modules\ext\hibernate\hibernate-entitymanager.jar;C:\Program Files\NetBeans 6.9.1\java\modules\ext\hibernate\javassist.jar" />
    <property name="mysql.dbname" value="medrec" />
    <property name="endorsed.classpath.cmd.line.arg" value="" />
    <property name="jar.index" value="false" />
    <property name="libs.spring-framework300.javadoc" value="" />
    <property name="netbeans.automatic.build" value="true" />
    <property name="libs.MySQLDriver.src" value="" />
    <property name="java.vm.version" value="23.7-b01" />
    <property name="libraries.dir" value="C:/Users/asus/Documents/NetBeansProjects/MedRecApp/lib" />
    <property name="libs.hibernate-persistence.classpath" value="C:\Program Files\NetBeans 6.9.1\java\modules\ext\hibernate\antlr-2.7.6.jar;C:\Program Files\NetBeans 6.9.1\java\modules\ext\hibernate\asm.jar;C:\Program Files\NetBeans 6.9.1\java\modules\ext\hibernate\asm-attrs.jar;C:\Program Files\NetBeans 6.9.1\java\modules\ext\hibernate\cglib-2.1.3.jar;C:\Program Files\NetBeans 6.9.1\java\modules\ext\hibernate\commons-collections-2.1.1.jar;C:\Program Files\NetBeans 6.9.1\ide\modules\ext\commons-logging-1.1.jar;C:\Program Files\NetBeans 6.9.1\java\modules\ext\hibernate\dom4j-1.6.1.jar;C:\Program Files\NetBeans 6.9.1\java\modules\ext\hibernate\ehcache-1.2.3.jar;C:\Program Files\NetBeans 6.9.1\java\modules\ext\hibernate\jdbc2_0-stdext.jar;C:\Program Files\NetBeans 6.9.1\java\modules\ext\hibernate\jta.jar;C:\Program Files\NetBeans 6.9.1\java\modules\ext\hibernate\hibernate3.jar;C:\Program Files\NetBeans 6.9.1\java\modules\ext\hibernate\hibernate-tools.jar;C:\Program Files\NetBeans 6.9.1\java\modules\ext\hibernate\hibernate-annotations.jar;C:\Program Files\NetBeans 6.9.1\java\modules\ext\hibernate\hibernate-commons-annotations.jar;C:\Program Files\NetBeans 6.9.1\java\modules\ext\hibernate\hibernate-entitymanager.jar;C:\Program Files\NetBeans 6.9.1\java\modules\ext\hibernate\javassist.jar;C:\Program Files\NetBeans 6.9.1\java\modules\ext\hibernate\ejb3-persistence.jar" />
    <property name="java.class.path" value="C:\Users\asus\Documents\NetBeansProjects\MedRecApp\lib\MySQLDriver\mysql-connector-java-5.1.6-bin.jar;C:\Users\asus\Documents\NetBeansProjects\MedRecApp\lib\jcalendar-1.4.jar;C:\Users\asus\Documents\NetBeansProjects\MedRecApp\build\classes;C:\Users\asus\Documents\NetBeansProjects\MedRecApp\lib\junit-4.11.jar;C:\Users\asus\Documents\NetBeansProjects\MedRecApp\lib\junit_4\junit-4.5.jar;C:\Users\asus\Documents\NetBeansProjects\MedRecApp\lib\fest-swing-1.2\fest-swing-1.2.jar;C:\Users\asus\Documents\NetBeansProjects\MedRecApp\lib\fest-swing-1.2\fest-assert-1.2.jar;C:\Users\asus\Documents\NetBeansProjects\MedRecApp\lib\fest-swing-1.2\fest-reflect-1.2.jar;C:\Users\asus\Documents\NetBeansProjects\MedRecApp\lib\fest-swing-1.2\fest-util-1.1.2.jar;C:\Users\asus\Documents\NetBeansProjects\MedRecApp\build\test\classes;C:\apache-ant-1.9.2\lib\ant-launcher.jar;c:\apache-ant-1.9.2\lib\ant.jar;c:\apache-ant-1.9.2\lib\ant-junit.jar;c:\apache-ant-1.9.2\lib\ant-junit4.jar" />
    <property name="annotation.processing.processor.options" value="" />
    <property name="jdbc.jar" value="lib\MySQLDriver\mysql-connector-java-5.1.6-bin.jar" />
    <property name="ant.library.dir" value="c:/apache-ant-1.9.2/lib" />
    <property name="os.arch" value="amd64" />
    <property name="javac.deprecation" value="false" />
    <property name="build.classes.excludes" value="**/*.java,**/*.form" />
    <property name="dist.dir" value="dist" />
    <property name="debug.classpath" value="C:/Users/asus/Documents/NetBeansProjects/MedRecApp/lib/MySQLDriver/mysql-connector-java-5.1.6-bin.jar:lib/jcalendar-1.4.jar:build/classes" />
    <property name="sun.java.launcher" value="SUN_STANDARD" />
    <property name="annotation.processing.enabled.in.editor" value="false" />
    <property name="ant.core.lib" value="c:\apache-ant-1.9.2\lib\ant.jar" />
    <property name="java.vm.specification.vendor" value="Oracle Corporation" />
    <property name="do.depend" value="false" />
    <property name="libs.UsuLibrary.maven-pom" value="" />
    <property name="file.separator" value="\" />
    <property name="java.runtime.version" value="1.7.0_17-b02" />
    <property name="debug.test.classpath" value="C:/Users/asus/Documents/NetBeansProjects/MedRecApp/lib/MySQLDriver/mysql-connector-java-5.1.6-bin.jar:lib/jcalendar-1.4.jar:build/classes:lib\junit-4.11.jar:C:/Users/asus/Documents/NetBeansProjects/MedRecApp/lib/junit_4/junit-4.5.jar:lib\fest-swing-1.2\fest-swing-1.2.jar:lib\fest-swing-1.2\fest-assert-1.2.jar:lib\fest-swing-1.2\fest-reflect-1.2.jar:lib\fest-swing-1.2\fest-util-1.1.2.jar:build/test/classes" />
    <property name="sun.boot.class.path" value="c:\Program Files\Java\jdk1.7.0_17\jre\lib\resources.jar;c:\Program Files\Java\jdk1.7.0_17\jre\lib\rt.jar;c:\Program Files\Java\jdk1.7.0_17\jre\lib\sunrsasign.jar;c:\Program Files\Java\jdk1.7.0_17\jre\lib\jsse.jar;c:\Program Files\Java\jdk1.7.0_17\jre\lib\jce.jar;c:\Program Files\Java\jdk1.7.0_17\jre\lib\charsets.jar;c:\Program Files\Java\jdk1.7.0_17\jre\lib\jfr.jar;c:\Program Files\Java\jdk1.7.0_17\jre\classes" />
    <property name="libs.beans-binding.classpath" value="C:\Program Files\NetBeans 6.9.1\java\modules\ext\beansbinding-1.2.1.jar" />
    <property name="main.class" value="medrecapp.Main" />
    <property name="libs.POI.src" value="" />
    <property name="have.tests" value="true" />
    <property name="sql.url" value="jdbc:mysql://localhost:3306/medrec" />
    <property name="libs.FEST.classpath" value="C:/Users/asus/Documents/NetBeansProjects/MedRecApp/lib/fest-swing-1.2/fest-swing-1.2.jar" />
    <property name="libs.JWSAntTasks.maven-pom" value="" />
    <property name="libs.javac-api.classpath" value="C:\Program Files\NetBeans 6.9.1\java\modules\ext\javac-api-nb-7.0-b07.jar" />
    <property name="user.country" value="US" />
    <property name="javadoc.notree" value="false" />
    <property name="file.reference.fest-reflect-1.2.jar" value="lib\fest-swing-1.2\fest-reflect-1.2.jar" />
    <property name="ant.file.type.MedRecApp-impl" value="file" />
    <property name="libs.spring-framework300.maven-pom" value="" />
    <property name="libs.jaxws21.javadoc" value="C:\Program Files\NetBeans 6.9.1\java\docs\jaxws-api-doc.zip" />
    <property name="default.javac.target" value="1.7" />
    <property name="javadoc.additionalparam" value="" />
    <property name="javac.classpath" value="C:/Users/asus/Documents/NetBeansProjects/MedRecApp/lib/MySQLDriver/mysql-connector-java-5.1.6-bin.jar:lib/jcalendar-1.4.jar" />
    <property name="build.classes.dir" value="build/classes" />
    <property name="do.archive+manifest.available" value="true" />
    <property name="libs.swing-layout.src" value="C:\Program Files\NetBeans 6.9.1\platform\docs\swing-layout-1.0.4-src.zip" />
    <property name="libs.swing-layout.javadoc" value="C:\Program Files\NetBeans 6.9.1\platform\docs\swing-layout-1.0.4-doc.zip" />
    <property name="java.vendor" value="Oracle Corporation" />
    <property name="javac.target" value="1.5" />
    <property name="libs.eclipselink.classpath" value="C:\Program Files\NetBeans 6.9.1\java\modules\ext\eclipselink\eclipselink-2.0.2.jar;C:\Program Files\NetBeans 6.9.1\java\modules\ext\eclipselink\eclipselink-javax.persistence-2.0.jar" />
    <property name="runtime.encoding" value="UTF-8" />
    <property name="libs.swing-app-framework.src" value="" />
    <property name="java.specification.version" value="1.7" />
    <property name="libs.JWSAntTasks.javadoc" value="" />
    <property name="sun.arch.data.model" value="64" />
  </properties>
  <testcase classname="medrecapp.Services.StafServiceTest" name="a_insertStaf" time="0.226" />
  <testcase classname="medrecapp.Services.StafServiceTest" name="b_updateStaf" time="0.002" />
  <testcase classname="medrecapp.Services.StafServiceTest" name="c_deleteStaf" time="0.003" />
  <testcase classname="medrecapp.Services.StafServiceTest" name="d_getAllStaf" time="0.0" />
  <system-out><![CDATA[1. serviceInsertStaf
2. serviceUpdateStaf
3. serviceDeleteStaf
4. serviceGetAllStaf
]]></system-out>
  <system-err><![CDATA[]]></system-err>
</testsuite>
